{"/Users/dena/GlintsBootcamp/miniProject/backendteam_d/app.js": {"path":"/Users/dena/GlintsBootcamp/miniProject/backendteam_d/app.js","statementMap":{"0":{"start":{"line":1,"column":16},"end":{"line":1,"column":34}},"1":{"start":{"line":2,"column":19},"end":{"line":2,"column":48}},"2":{"start":{"line":3,"column":13},"end":{"line":3,"column":28}},"3":{"start":{"line":6,"column":15},"end":{"line":6,"column":40}},"4":{"start":{"line":9,"column":21},"end":{"line":9,"column":58}},"5":{"start":{"line":11,"column":20},"end":{"line":22,"column":1}},"6":{"start":{"line":25,"column":13},"end":{"line":25,"column":37}},"7":{"start":{"line":28,"column":12},"end":{"line":28,"column":21}},"8":{"start":{"line":30,"column":0},"end":{"line":30,"column":27}},"9":{"start":{"line":33,"column":0},"end":{"line":33,"column":24}},"10":{"start":{"line":34,"column":0},"end":{"line":34,"column":48}},"11":{"start":{"line":37,"column":0},"end":{"line":37,"column":22}},"12":{"start":{"line":42,"column":0},"end":{"line":42,"column":34}},"13":{"start":{"line":45,"column":0},"end":{"line":45,"column":21}},"14":{"start":{"line":48,"column":0},"end":{"line":50,"column":3}},"15":{"start":{"line":49,"column":2},"end":{"line":49,"column":59}},"16":{"start":{"line":53,"column":0},"end":{"line":53,"column":22}},"17":{"start":{"line":55,"column":0},"end":{"line":58,"column":1}},"18":{"start":{"line":57,"column":2},"end":{"line":57,"column":67}},"19":{"start":{"line":57,"column":25},"end":{"line":57,"column":65}},"20":{"start":{"line":60,"column":0},"end":{"line":60,"column":21}}},"fnMap":{"0":{"name":"(anonymous_0)","decl":{"start":{"line":48,"column":13},"end":{"line":48,"column":14}},"loc":{"start":{"line":48,"column":33},"end":{"line":50,"column":1}},"line":48},"1":{"name":"(anonymous_1)","decl":{"start":{"line":57,"column":19},"end":{"line":57,"column":20}},"loc":{"start":{"line":57,"column":25},"end":{"line":57,"column":65}},"line":57}},"branchMap":{"0":{"loc":{"start":{"line":25,"column":13},"end":{"line":25,"column":37}},"type":"binary-expr","locations":[{"start":{"line":25,"column":13},"end":{"line":25,"column":29}},{"start":{"line":25,"column":33},"end":{"line":25,"column":37}}],"line":25},"1":{"loc":{"start":{"line":55,"column":0},"end":{"line":58,"column":1}},"type":"if","locations":[{"start":{"line":55,"column":0},"end":{"line":58,"column":1}},{"start":{},"end":{}}],"line":55}},"s":{"0":1,"1":1,"2":1,"3":1,"4":1,"5":1,"6":1,"7":1,"8":1,"9":1,"10":1,"11":1,"12":1,"13":1,"14":1,"15":0,"16":1,"17":1,"18":0,"19":0,"20":1},"f":{"0":0,"1":0},"b":{"0":[1,1],"1":[0,1]},"_coverageSchema":"1a1c01bbd47fc00a2c39e90264f33305004495a9","hash":"7c28575ce9f8ad887404d62756ea02dc138caf4a"}
,"/Users/dena/GlintsBootcamp/miniProject/backendteam_d/config/config.js": {"path":"/Users/dena/GlintsBootcamp/miniProject/backendteam_d/config/config.js","statementMap":{"0":{"start":{"line":1,"column":0},"end":{"line":1,"column":67}},"1":{"start":{"line":3,"column":0},"end":{"line":35,"column":2}}},"fnMap":{},"branchMap":{},"s":{"0":1,"1":1},"f":{},"b":{},"_coverageSchema":"1a1c01bbd47fc00a2c39e90264f33305004495a9","hash":"7227d5b2494a14d6033193b6102684a187df595e"}
,"/Users/dena/GlintsBootcamp/miniProject/backendteam_d/controllers/bookmark.js": {"path":"/Users/dena/GlintsBootcamp/miniProject/backendteam_d/controllers/bookmark.js","statementMap":{"0":{"start":{"line":1,"column":44},"end":{"line":1,"column":64}},"1":{"start":{"line":2,"column":15},"end":{"line":2,"column":35}},"2":{"start":{"line":5,"column":22},"end":{"line":10,"column":1}},"3":{"start":{"line":6,"column":16},"end":{"line":6,"column":32}},"4":{"start":{"line":7,"column":17},"end":{"line":7,"column":40}},"5":{"start":{"line":9,"column":2},"end":{"line":9,"column":27}},"6":{"start":{"line":13,"column":22},"end":{"line":19,"column":1}},"7":{"start":{"line":14,"column":46},"end":{"line":14,"column":50}},"8":{"start":{"line":15,"column":22},"end":{"line":15,"column":38}},"9":{"start":{"line":16,"column":21},"end":{"line":16,"column":50}},"10":{"start":{"line":18,"column":2},"end":{"line":18,"column":57}},"11":{"start":{"line":23,"column":4},"end":{"line":49,"column":5}},"12":{"start":{"line":24,"column":29},"end":{"line":24,"column":38}},"13":{"start":{"line":25,"column":32},"end":{"line":25,"column":57}},"14":{"start":{"line":27,"column":19},"end":{"line":41,"column":8}},"15":{"start":{"line":43,"column":6},"end":{"line":45,"column":7}},"16":{"start":{"line":44,"column":8},"end":{"line":44,"column":73}},"17":{"start":{"line":46,"column":6},"end":{"line":46,"column":44}},"18":{"start":{"line":48,"column":6},"end":{"line":48,"column":18}},"19":{"start":{"line":53,"column":4},"end":{"line":67,"column":5}},"20":{"start":{"line":54,"column":22},"end":{"line":54,"column":35}},"21":{"start":{"line":55,"column":21},"end":{"line":55,"column":37}},"22":{"start":{"line":56,"column":25},"end":{"line":56,"column":44}},"23":{"start":{"line":58,"column":22},"end":{"line":62,"column":8}},"24":{"start":{"line":64,"column":6},"end":{"line":64,"column":74}},"25":{"start":{"line":66,"column":6},"end":{"line":66,"column":18}},"26":{"start":{"line":71,"column":4},"end":{"line":86,"column":5}},"27":{"start":{"line":72,"column":26},"end":{"line":76,"column":8}},"28":{"start":{"line":78,"column":6},"end":{"line":80,"column":7}},"29":{"start":{"line":79,"column":8},"end":{"line":79,"column":74}},"30":{"start":{"line":82,"column":6},"end":{"line":82,"column":77}},"31":{"start":{"line":84,"column":6},"end":{"line":84,"column":25}},"32":{"start":{"line":85,"column":6},"end":{"line":85,"column":18}},"33":{"start":{"line":90,"column":0},"end":{"line":90,"column":26}}},"fnMap":{"0":{"name":"(anonymous_0)","decl":{"start":{"line":5,"column":22},"end":{"line":5,"column":23}},"loc":{"start":{"line":5,"column":38},"end":{"line":10,"column":1}},"line":5},"1":{"name":"(anonymous_1)","decl":{"start":{"line":13,"column":22},"end":{"line":13,"column":23}},"loc":{"start":{"line":13,"column":45},"end":{"line":19,"column":1}},"line":13},"2":{"name":"(anonymous_2)","decl":{"start":{"line":22,"column":2},"end":{"line":22,"column":3}},"loc":{"start":{"line":22,"column":47},"end":{"line":50,"column":3}},"line":22},"3":{"name":"(anonymous_3)","decl":{"start":{"line":52,"column":2},"end":{"line":52,"column":3}},"loc":{"start":{"line":52,"column":46},"end":{"line":68,"column":3}},"line":52},"4":{"name":"(anonymous_4)","decl":{"start":{"line":70,"column":2},"end":{"line":70,"column":3}},"loc":{"start":{"line":70,"column":46},"end":{"line":87,"column":3}},"line":70}},"branchMap":{"0":{"loc":{"start":{"line":6,"column":16},"end":{"line":6,"column":32}},"type":"cond-expr","locations":[{"start":{"line":6,"column":23},"end":{"line":6,"column":28}},{"start":{"line":6,"column":31},"end":{"line":6,"column":32}}],"line":6},"1":{"loc":{"start":{"line":7,"column":17},"end":{"line":7,"column":40}},"type":"binary-expr","locations":[{"start":{"line":7,"column":17},"end":{"line":7,"column":35}},{"start":{"line":7,"column":39},"end":{"line":7,"column":40}}],"line":7},"2":{"loc":{"start":{"line":15,"column":22},"end":{"line":15,"column":38}},"type":"cond-expr","locations":[{"start":{"line":15,"column":29},"end":{"line":15,"column":34}},{"start":{"line":15,"column":37},"end":{"line":15,"column":38}}],"line":15},"3":{"loc":{"start":{"line":43,"column":6},"end":{"line":45,"column":7}},"type":"if","locations":[{"start":{"line":43,"column":6},"end":{"line":45,"column":7}},{"start":{},"end":{}}],"line":43},"4":{"loc":{"start":{"line":78,"column":6},"end":{"line":80,"column":7}},"type":"if","locations":[{"start":{"line":78,"column":6},"end":{"line":80,"column":7}},{"start":{},"end":{}}],"line":78}},"s":{"0":1,"1":1,"2":1,"3":0,"4":0,"5":0,"6":1,"7":0,"8":0,"9":0,"10":0,"11":0,"12":0,"13":0,"14":0,"15":0,"16":0,"17":0,"18":0,"19":0,"20":0,"21":0,"22":0,"23":0,"24":0,"25":0,"26":0,"27":0,"28":0,"29":0,"30":0,"31":0,"32":0,"33":1},"f":{"0":0,"1":0,"2":0,"3":0,"4":0},"b":{"0":[0,0],"1":[0,0],"2":[0,0],"3":[0,0],"4":[0,0]},"_coverageSchema":"1a1c01bbd47fc00a2c39e90264f33305004495a9","hash":"06396551f8aaf8f5df084ef922fad9aadf7f7a6a"}
,"/Users/dena/GlintsBootcamp/miniProject/backendteam_d/controllers/commentsController.js": {"path":"/Users/dena/GlintsBootcamp/miniProject/backendteam_d/controllers/commentsController.js","statementMap":{"0":{"start":{"line":1,"column":26},"end":{"line":1,"column":46}},"1":{"start":{"line":6,"column":4},"end":{"line":31,"column":5}},"2":{"start":{"line":8,"column":22},"end":{"line":12,"column":8}},"3":{"start":{"line":15,"column":19},"end":{"line":26,"column":8}},"4":{"start":{"line":28,"column":6},"end":{"line":28,"column":76}},"5":{"start":{"line":30,"column":6},"end":{"line":30,"column":18}},"6":{"start":{"line":36,"column":4},"end":{"line":76,"column":5}},"7":{"start":{"line":39,"column":24},"end":{"line":41,"column":8}},"8":{"start":{"line":43,"column":6},"end":{"line":47,"column":7}},"9":{"start":{"line":44,"column":8},"end":{"line":46,"column":76}},"10":{"start":{"line":49,"column":26},"end":{"line":53,"column":8}},"11":{"start":{"line":56,"column":6},"end":{"line":58,"column":7}},"12":{"start":{"line":57,"column":8},"end":{"line":57,"column":71}},"13":{"start":{"line":60,"column":19},"end":{"line":71,"column":8}},"14":{"start":{"line":73,"column":6},"end":{"line":73,"column":78}},"15":{"start":{"line":75,"column":6},"end":{"line":75,"column":18}},"16":{"start":{"line":81,"column":4},"end":{"line":102,"column":5}},"17":{"start":{"line":83,"column":24},"end":{"line":85,"column":8}},"18":{"start":{"line":87,"column":6},"end":{"line":91,"column":7}},"19":{"start":{"line":88,"column":8},"end":{"line":90,"column":76}},"20":{"start":{"line":93,"column":17},"end":{"line":93,"column":72}},"21":{"start":{"line":95,"column":6},"end":{"line":97,"column":7}},"22":{"start":{"line":96,"column":8},"end":{"line":96,"column":71}},"23":{"start":{"line":99,"column":6},"end":{"line":99,"column":71}},"24":{"start":{"line":101,"column":6},"end":{"line":101,"column":18}},"25":{"start":{"line":106,"column":0},"end":{"line":106,"column":25}}},"fnMap":{"0":{"name":"(anonymous_0)","decl":{"start":{"line":5,"column":2},"end":{"line":5,"column":3}},"loc":{"start":{"line":5,"column":45},"end":{"line":32,"column":3}},"line":5},"1":{"name":"(anonymous_1)","decl":{"start":{"line":35,"column":2},"end":{"line":35,"column":3}},"loc":{"start":{"line":35,"column":45},"end":{"line":77,"column":3}},"line":35},"2":{"name":"(anonymous_2)","decl":{"start":{"line":80,"column":2},"end":{"line":80,"column":3}},"loc":{"start":{"line":80,"column":45},"end":{"line":103,"column":3}},"line":80}},"branchMap":{"0":{"loc":{"start":{"line":43,"column":6},"end":{"line":47,"column":7}},"type":"if","locations":[{"start":{"line":43,"column":6},"end":{"line":47,"column":7}},{"start":{},"end":{}}],"line":43},"1":{"loc":{"start":{"line":56,"column":6},"end":{"line":58,"column":7}},"type":"if","locations":[{"start":{"line":56,"column":6},"end":{"line":58,"column":7}},{"start":{},"end":{}}],"line":56},"2":{"loc":{"start":{"line":87,"column":6},"end":{"line":91,"column":7}},"type":"if","locations":[{"start":{"line":87,"column":6},"end":{"line":91,"column":7}},{"start":{},"end":{}}],"line":87},"3":{"loc":{"start":{"line":95,"column":6},"end":{"line":97,"column":7}},"type":"if","locations":[{"start":{"line":95,"column":6},"end":{"line":97,"column":7}},{"start":{},"end":{}}],"line":95}},"s":{"0":1,"1":0,"2":0,"3":0,"4":0,"5":0,"6":0,"7":0,"8":0,"9":0,"10":0,"11":0,"12":0,"13":0,"14":0,"15":0,"16":0,"17":0,"18":0,"19":0,"20":0,"21":0,"22":0,"23":0,"24":0,"25":1},"f":{"0":0,"1":0,"2":0},"b":{"0":[0,0],"1":[0,0],"2":[0,0],"3":[0,0]},"_coverageSchema":"1a1c01bbd47fc00a2c39e90264f33305004495a9","hash":"637898976d81dbe34702591d556128fb13c695f8"}
,"/Users/dena/GlintsBootcamp/miniProject/backendteam_d/controllers/events.js": {"path":"/Users/dena/GlintsBootcamp/miniProject/backendteam_d/controllers/events.js","statementMap":{"0":{"start":{"line":2,"column":51},"end":{"line":2,"column":71}},"1":{"start":{"line":5,"column":15},"end":{"line":5,"column":35}},"2":{"start":{"line":8,"column":15},"end":{"line":8,"column":41}},"3":{"start":{"line":11,"column":22},"end":{"line":16,"column":1}},"4":{"start":{"line":12,"column":16},"end":{"line":12,"column":32}},"5":{"start":{"line":13,"column":17},"end":{"line":13,"column":40}},"6":{"start":{"line":15,"column":2},"end":{"line":15,"column":27}},"7":{"start":{"line":19,"column":22},"end":{"line":25,"column":1}},"8":{"start":{"line":20,"column":46},"end":{"line":20,"column":50}},"9":{"start":{"line":21,"column":22},"end":{"line":21,"column":38}},"10":{"start":{"line":22,"column":21},"end":{"line":22,"column":50}},"11":{"start":{"line":24,"column":2},"end":{"line":24,"column":57}},"12":{"start":{"line":29,"column":4},"end":{"line":68,"column":5}},"13":{"start":{"line":31,"column":26},"end":{"line":44,"column":8}},"14":{"start":{"line":46,"column":6},"end":{"line":48,"column":7}},"15":{"start":{"line":47,"column":8},"end":{"line":47,"column":70}},"16":{"start":{"line":50,"column":27},"end":{"line":52,"column":8}},"17":{"start":{"line":54,"column":25},"end":{"line":64,"column":8}},"18":{"start":{"line":65,"column":6},"end":{"line":65,"column":77}},"19":{"start":{"line":67,"column":6},"end":{"line":67,"column":18}},"20":{"start":{"line":73,"column":4},"end":{"line":95,"column":5}},"21":{"start":{"line":74,"column":29},"end":{"line":74,"column":38}},"22":{"start":{"line":75,"column":32},"end":{"line":75,"column":57}},"23":{"start":{"line":77,"column":17},"end":{"line":86,"column":8}},"24":{"start":{"line":88,"column":6},"end":{"line":90,"column":7}},"25":{"start":{"line":89,"column":8},"end":{"line":89,"column":70}},"26":{"start":{"line":92,"column":6},"end":{"line":92,"column":68}},"27":{"start":{"line":94,"column":6},"end":{"line":94,"column":18}},"28":{"start":{"line":100,"column":4},"end":{"line":143,"column":5}},"29":{"start":{"line":101,"column":29},"end":{"line":101,"column":38}},"30":{"start":{"line":102,"column":32},"end":{"line":102,"column":57}},"31":{"start":{"line":103,"column":19},"end":{"line":103,"column":32}},"32":{"start":{"line":105,"column":17},"end":{"line":134,"column":8}},"33":{"start":{"line":136,"column":6},"end":{"line":138,"column":7}},"34":{"start":{"line":137,"column":8},"end":{"line":137,"column":70}},"35":{"start":{"line":140,"column":6},"end":{"line":140,"column":68}},"36":{"start":{"line":142,"column":6},"end":{"line":142,"column":18}},"37":{"start":{"line":148,"column":4},"end":{"line":170,"column":5}},"38":{"start":{"line":149,"column":29},"end":{"line":149,"column":38}},"39":{"start":{"line":150,"column":32},"end":{"line":150,"column":57}},"40":{"start":{"line":152,"column":17},"end":{"line":161,"column":8}},"41":{"start":{"line":163,"column":6},"end":{"line":165,"column":7}},"42":{"start":{"line":164,"column":8},"end":{"line":164,"column":70}},"43":{"start":{"line":167,"column":6},"end":{"line":167,"column":68}},"44":{"start":{"line":169,"column":6},"end":{"line":169,"column":18}},"45":{"start":{"line":175,"column":4},"end":{"line":206,"column":5}},"46":{"start":{"line":176,"column":29},"end":{"line":176,"column":38}},"47":{"start":{"line":177,"column":32},"end":{"line":177,"column":57}},"48":{"start":{"line":180,"column":17},"end":{"line":197,"column":8}},"49":{"start":{"line":199,"column":6},"end":{"line":201,"column":7}},"50":{"start":{"line":200,"column":8},"end":{"line":200,"column":70}},"51":{"start":{"line":203,"column":6},"end":{"line":203,"column":68}},"52":{"start":{"line":205,"column":6},"end":{"line":205,"column":18}},"53":{"start":{"line":211,"column":4},"end":{"line":243,"column":5}},"54":{"start":{"line":212,"column":29},"end":{"line":212,"column":38}},"55":{"start":{"line":213,"column":32},"end":{"line":213,"column":57}},"56":{"start":{"line":215,"column":14},"end":{"line":215,"column":24}},"57":{"start":{"line":216,"column":14},"end":{"line":216,"column":40}},"58":{"start":{"line":217,"column":14},"end":{"line":217,"column":46}},"59":{"start":{"line":218,"column":14},"end":{"line":218,"column":48}},"60":{"start":{"line":220,"column":17},"end":{"line":234,"column":8}},"61":{"start":{"line":236,"column":6},"end":{"line":238,"column":7}},"62":{"start":{"line":237,"column":8},"end":{"line":237,"column":70}},"63":{"start":{"line":240,"column":6},"end":{"line":240,"column":68}},"64":{"start":{"line":242,"column":6},"end":{"line":242,"column":18}},"65":{"start":{"line":248,"column":4},"end":{"line":278,"column":5}},"66":{"start":{"line":249,"column":29},"end":{"line":249,"column":38}},"67":{"start":{"line":250,"column":32},"end":{"line":250,"column":57}},"68":{"start":{"line":253,"column":20},"end":{"line":257,"column":7}},"69":{"start":{"line":259,"column":17},"end":{"line":269,"column":8}},"70":{"start":{"line":271,"column":6},"end":{"line":273,"column":7}},"71":{"start":{"line":272,"column":8},"end":{"line":272,"column":70}},"72":{"start":{"line":275,"column":6},"end":{"line":275,"column":68}},"73":{"start":{"line":277,"column":6},"end":{"line":277,"column":18}},"74":{"start":{"line":283,"column":4},"end":{"line":311,"column":5}},"75":{"start":{"line":284,"column":29},"end":{"line":284,"column":38}},"76":{"start":{"line":285,"column":32},"end":{"line":285,"column":57}},"77":{"start":{"line":288,"column":17},"end":{"line":302,"column":8}},"78":{"start":{"line":304,"column":6},"end":{"line":306,"column":7}},"79":{"start":{"line":305,"column":8},"end":{"line":305,"column":70}},"80":{"start":{"line":308,"column":6},"end":{"line":308,"column":68}},"81":{"start":{"line":310,"column":6},"end":{"line":310,"column":18}},"82":{"start":{"line":316,"column":4},"end":{"line":344,"column":5}},"83":{"start":{"line":317,"column":29},"end":{"line":317,"column":38}},"84":{"start":{"line":318,"column":32},"end":{"line":318,"column":57}},"85":{"start":{"line":321,"column":17},"end":{"line":335,"column":8}},"86":{"start":{"line":337,"column":6},"end":{"line":339,"column":7}},"87":{"start":{"line":338,"column":8},"end":{"line":338,"column":70}},"88":{"start":{"line":341,"column":6},"end":{"line":341,"column":68}},"89":{"start":{"line":343,"column":6},"end":{"line":343,"column":18}},"90":{"start":{"line":349,"column":4},"end":{"line":377,"column":5}},"91":{"start":{"line":350,"column":19},"end":{"line":352,"column":8}},"92":{"start":{"line":354,"column":6},"end":{"line":356,"column":7}},"93":{"start":{"line":355,"column":8},"end":{"line":355,"column":63}},"94":{"start":{"line":358,"column":20},"end":{"line":362,"column":8}},"95":{"start":{"line":364,"column":22},"end":{"line":366,"column":8}},"96":{"start":{"line":368,"column":24},"end":{"line":370,"column":8}},"97":{"start":{"line":372,"column":18},"end":{"line":372,"column":37}},"98":{"start":{"line":374,"column":6},"end":{"line":374,"column":56}},"99":{"start":{"line":376,"column":6},"end":{"line":376,"column":18}},"100":{"start":{"line":382,"column":4},"end":{"line":404,"column":5}},"101":{"start":{"line":383,"column":29},"end":{"line":383,"column":38}},"102":{"start":{"line":384,"column":32},"end":{"line":384,"column":57}},"103":{"start":{"line":386,"column":17},"end":{"line":395,"column":8}},"104":{"start":{"line":397,"column":6},"end":{"line":399,"column":7}},"105":{"start":{"line":398,"column":8},"end":{"line":398,"column":70}},"106":{"start":{"line":401,"column":6},"end":{"line":401,"column":68}},"107":{"start":{"line":403,"column":6},"end":{"line":403,"column":18}},"108":{"start":{"line":409,"column":4},"end":{"line":431,"column":5}},"109":{"start":{"line":410,"column":29},"end":{"line":410,"column":38}},"110":{"start":{"line":411,"column":32},"end":{"line":411,"column":57}},"111":{"start":{"line":413,"column":17},"end":{"line":422,"column":8}},"112":{"start":{"line":424,"column":6},"end":{"line":426,"column":7}},"113":{"start":{"line":425,"column":8},"end":{"line":425,"column":70}},"114":{"start":{"line":428,"column":6},"end":{"line":428,"column":68}},"115":{"start":{"line":430,"column":6},"end":{"line":430,"column":18}},"116":{"start":{"line":436,"column":4},"end":{"line":475,"column":5}},"117":{"start":{"line":448,"column":10},"end":{"line":448,"column":18}},"118":{"start":{"line":449,"column":26},"end":{"line":461,"column":8}},"119":{"start":{"line":464,"column":19},"end":{"line":466,"column":8}},"120":{"start":{"line":469,"column":6},"end":{"line":471,"column":62}},"121":{"start":{"line":473,"column":6},"end":{"line":473,"column":25}},"122":{"start":{"line":474,"column":6},"end":{"line":474,"column":18}},"123":{"start":{"line":480,"column":4},"end":{"line":531,"column":5}},"124":{"start":{"line":481,"column":24},"end":{"line":483,"column":8}},"125":{"start":{"line":485,"column":6},"end":{"line":489,"column":7}},"126":{"start":{"line":486,"column":8},"end":{"line":488,"column":11}},"127":{"start":{"line":502,"column":10},"end":{"line":502,"column":18}},"128":{"start":{"line":503,"column":26},"end":{"line":518,"column":7}},"129":{"start":{"line":521,"column":19},"end":{"line":523,"column":8}},"130":{"start":{"line":526,"column":6},"end":{"line":528,"column":62}},"131":{"start":{"line":530,"column":6},"end":{"line":530,"column":18}},"132":{"start":{"line":536,"column":4},"end":{"line":555,"column":5}},"133":{"start":{"line":537,"column":24},"end":{"line":539,"column":8}},"134":{"start":{"line":541,"column":6},"end":{"line":545,"column":7}},"135":{"start":{"line":542,"column":8},"end":{"line":544,"column":11}},"136":{"start":{"line":547,"column":17},"end":{"line":549,"column":8}},"137":{"start":{"line":552,"column":6},"end":{"line":552,"column":74}},"138":{"start":{"line":554,"column":6},"end":{"line":554,"column":18}},"139":{"start":{"line":559,"column":0},"end":{"line":559,"column":24}}},"fnMap":{"0":{"name":"(anonymous_0)","decl":{"start":{"line":11,"column":22},"end":{"line":11,"column":23}},"loc":{"start":{"line":11,"column":38},"end":{"line":16,"column":1}},"line":11},"1":{"name":"(anonymous_1)","decl":{"start":{"line":19,"column":22},"end":{"line":19,"column":23}},"loc":{"start":{"line":19,"column":45},"end":{"line":25,"column":1}},"line":19},"2":{"name":"(anonymous_2)","decl":{"start":{"line":28,"column":2},"end":{"line":28,"column":3}},"loc":{"start":{"line":28,"column":47},"end":{"line":69,"column":3}},"line":28},"3":{"name":"(anonymous_3)","decl":{"start":{"line":72,"column":2},"end":{"line":72,"column":3}},"loc":{"start":{"line":72,"column":44},"end":{"line":96,"column":3}},"line":72},"4":{"name":"(anonymous_4)","decl":{"start":{"line":99,"column":2},"end":{"line":99,"column":3}},"loc":{"start":{"line":99,"column":43},"end":{"line":144,"column":3}},"line":99},"5":{"name":"(anonymous_5)","decl":{"start":{"line":147,"column":2},"end":{"line":147,"column":3}},"loc":{"start":{"line":147,"column":50},"end":{"line":171,"column":3}},"line":147},"6":{"name":"(anonymous_6)","decl":{"start":{"line":174,"column":2},"end":{"line":174,"column":3}},"loc":{"start":{"line":174,"column":51},"end":{"line":207,"column":3}},"line":174},"7":{"name":"(anonymous_7)","decl":{"start":{"line":210,"column":2},"end":{"line":210,"column":3}},"loc":{"start":{"line":210,"column":54},"end":{"line":244,"column":3}},"line":210},"8":{"name":"(anonymous_8)","decl":{"start":{"line":247,"column":2},"end":{"line":247,"column":3}},"loc":{"start":{"line":247,"column":50},"end":{"line":279,"column":3}},"line":247},"9":{"name":"(anonymous_9)","decl":{"start":{"line":282,"column":2},"end":{"line":282,"column":3}},"loc":{"start":{"line":282,"column":51},"end":{"line":312,"column":3}},"line":282},"10":{"name":"(anonymous_10)","decl":{"start":{"line":315,"column":2},"end":{"line":315,"column":3}},"loc":{"start":{"line":315,"column":50},"end":{"line":345,"column":3}},"line":315},"11":{"name":"(anonymous_11)","decl":{"start":{"line":348,"column":2},"end":{"line":348,"column":3}},"loc":{"start":{"line":348,"column":46},"end":{"line":378,"column":3}},"line":348},"12":{"name":"(anonymous_12)","decl":{"start":{"line":381,"column":2},"end":{"line":381,"column":3}},"loc":{"start":{"line":381,"column":54},"end":{"line":405,"column":3}},"line":381},"13":{"name":"(anonymous_13)","decl":{"start":{"line":408,"column":2},"end":{"line":408,"column":3}},"loc":{"start":{"line":408,"column":54},"end":{"line":432,"column":3}},"line":408},"14":{"name":"(anonymous_14)","decl":{"start":{"line":435,"column":2},"end":{"line":435,"column":3}},"loc":{"start":{"line":435,"column":43},"end":{"line":476,"column":3}},"line":435},"15":{"name":"(anonymous_15)","decl":{"start":{"line":479,"column":2},"end":{"line":479,"column":3}},"loc":{"start":{"line":479,"column":43},"end":{"line":532,"column":3}},"line":479},"16":{"name":"(anonymous_16)","decl":{"start":{"line":535,"column":2},"end":{"line":535,"column":3}},"loc":{"start":{"line":535,"column":43},"end":{"line":556,"column":3}},"line":535}},"branchMap":{"0":{"loc":{"start":{"line":12,"column":16},"end":{"line":12,"column":32}},"type":"cond-expr","locations":[{"start":{"line":12,"column":23},"end":{"line":12,"column":28}},{"start":{"line":12,"column":31},"end":{"line":12,"column":32}}],"line":12},"1":{"loc":{"start":{"line":13,"column":17},"end":{"line":13,"column":40}},"type":"binary-expr","locations":[{"start":{"line":13,"column":17},"end":{"line":13,"column":35}},{"start":{"line":13,"column":39},"end":{"line":13,"column":40}}],"line":13},"2":{"loc":{"start":{"line":21,"column":22},"end":{"line":21,"column":38}},"type":"cond-expr","locations":[{"start":{"line":21,"column":29},"end":{"line":21,"column":34}},{"start":{"line":21,"column":37},"end":{"line":21,"column":38}}],"line":21},"3":{"loc":{"start":{"line":46,"column":6},"end":{"line":48,"column":7}},"type":"if","locations":[{"start":{"line":46,"column":6},"end":{"line":48,"column":7}},{"start":{},"end":{}}],"line":46},"4":{"loc":{"start":{"line":88,"column":6},"end":{"line":90,"column":7}},"type":"if","locations":[{"start":{"line":88,"column":6},"end":{"line":90,"column":7}},{"start":{},"end":{}}],"line":88},"5":{"loc":{"start":{"line":136,"column":6},"end":{"line":138,"column":7}},"type":"if","locations":[{"start":{"line":136,"column":6},"end":{"line":138,"column":7}},{"start":{},"end":{}}],"line":136},"6":{"loc":{"start":{"line":163,"column":6},"end":{"line":165,"column":7}},"type":"if","locations":[{"start":{"line":163,"column":6},"end":{"line":165,"column":7}},{"start":{},"end":{}}],"line":163},"7":{"loc":{"start":{"line":199,"column":6},"end":{"line":201,"column":7}},"type":"if","locations":[{"start":{"line":199,"column":6},"end":{"line":201,"column":7}},{"start":{},"end":{}}],"line":199},"8":{"loc":{"start":{"line":236,"column":6},"end":{"line":238,"column":7}},"type":"if","locations":[{"start":{"line":236,"column":6},"end":{"line":238,"column":7}},{"start":{},"end":{}}],"line":236},"9":{"loc":{"start":{"line":271,"column":6},"end":{"line":273,"column":7}},"type":"if","locations":[{"start":{"line":271,"column":6},"end":{"line":273,"column":7}},{"start":{},"end":{}}],"line":271},"10":{"loc":{"start":{"line":304,"column":6},"end":{"line":306,"column":7}},"type":"if","locations":[{"start":{"line":304,"column":6},"end":{"line":306,"column":7}},{"start":{},"end":{}}],"line":304},"11":{"loc":{"start":{"line":337,"column":6},"end":{"line":339,"column":7}},"type":"if","locations":[{"start":{"line":337,"column":6},"end":{"line":339,"column":7}},{"start":{},"end":{}}],"line":337},"12":{"loc":{"start":{"line":354,"column":6},"end":{"line":356,"column":7}},"type":"if","locations":[{"start":{"line":354,"column":6},"end":{"line":356,"column":7}},{"start":{},"end":{}}],"line":354},"13":{"loc":{"start":{"line":397,"column":6},"end":{"line":399,"column":7}},"type":"if","locations":[{"start":{"line":397,"column":6},"end":{"line":399,"column":7}},{"start":{},"end":{}}],"line":397},"14":{"loc":{"start":{"line":424,"column":6},"end":{"line":426,"column":7}},"type":"if","locations":[{"start":{"line":424,"column":6},"end":{"line":426,"column":7}},{"start":{},"end":{}}],"line":424},"15":{"loc":{"start":{"line":485,"column":6},"end":{"line":489,"column":7}},"type":"if","locations":[{"start":{"line":485,"column":6},"end":{"line":489,"column":7}},{"start":{},"end":{}}],"line":485},"16":{"loc":{"start":{"line":541,"column":6},"end":{"line":545,"column":7}},"type":"if","locations":[{"start":{"line":541,"column":6},"end":{"line":545,"column":7}},{"start":{},"end":{}}],"line":541}},"s":{"0":1,"1":1,"2":1,"3":1,"4":0,"5":0,"6":0,"7":1,"8":0,"9":0,"10":0,"11":0,"12":0,"13":0,"14":0,"15":0,"16":0,"17":0,"18":0,"19":0,"20":0,"21":0,"22":0,"23":0,"24":0,"25":0,"26":0,"27":0,"28":0,"29":0,"30":0,"31":0,"32":0,"33":0,"34":0,"35":0,"36":0,"37":0,"38":0,"39":0,"40":0,"41":0,"42":0,"43":0,"44":0,"45":0,"46":0,"47":0,"48":0,"49":0,"50":0,"51":0,"52":0,"53":0,"54":0,"55":0,"56":0,"57":0,"58":0,"59":0,"60":0,"61":0,"62":0,"63":0,"64":0,"65":0,"66":0,"67":0,"68":0,"69":0,"70":0,"71":0,"72":0,"73":0,"74":0,"75":0,"76":0,"77":0,"78":0,"79":0,"80":0,"81":0,"82":0,"83":0,"84":0,"85":0,"86":0,"87":0,"88":0,"89":0,"90":0,"91":0,"92":0,"93":0,"94":0,"95":0,"96":0,"97":0,"98":0,"99":0,"100":0,"101":0,"102":0,"103":0,"104":0,"105":0,"106":0,"107":0,"108":0,"109":0,"110":0,"111":0,"112":0,"113":0,"114":0,"115":0,"116":0,"117":0,"118":0,"119":0,"120":0,"121":0,"122":0,"123":0,"124":0,"125":0,"126":0,"127":0,"128":0,"129":0,"130":0,"131":0,"132":0,"133":0,"134":0,"135":0,"136":0,"137":0,"138":0,"139":1},"f":{"0":0,"1":0,"2":0,"3":0,"4":0,"5":0,"6":0,"7":0,"8":0,"9":0,"10":0,"11":0,"12":0,"13":0,"14":0,"15":0,"16":0},"b":{"0":[0,0],"1":[0,0],"2":[0,0],"3":[0,0],"4":[0,0],"5":[0,0],"6":[0,0],"7":[0,0],"8":[0,0],"9":[0,0],"10":[0,0],"11":[0,0],"12":[0,0],"13":[0,0],"14":[0,0],"15":[0,0],"16":[0,0]},"_coverageSchema":"1a1c01bbd47fc00a2c39e90264f33305004495a9","hash":"b8a08314dad336bd257f6dbb7c9883cafb8ffbe8"}
,"/Users/dena/GlintsBootcamp/miniProject/backendteam_d/controllers/ratingControllers.js": {"path":"/Users/dena/GlintsBootcamp/miniProject/backendteam_d/controllers/ratingControllers.js","statementMap":{"0":{"start":{"line":1,"column":19},"end":{"line":1,"column":39}},"1":{"start":{"line":5,"column":4},"end":{"line":26,"column":5}},"2":{"start":{"line":7,"column":22},"end":{"line":12,"column":8}},"3":{"start":{"line":14,"column":19},"end":{"line":21,"column":8}},"4":{"start":{"line":23,"column":6},"end":{"line":23,"column":70}},"5":{"start":{"line":25,"column":6},"end":{"line":25,"column":18}},"6":{"start":{"line":30,"column":0},"end":{"line":30,"column":24}}},"fnMap":{"0":{"name":"(anonymous_0)","decl":{"start":{"line":4,"column":2},"end":{"line":4,"column":3}},"loc":{"start":{"line":4,"column":44},"end":{"line":27,"column":3}},"line":4}},"branchMap":{},"s":{"0":1,"1":0,"2":0,"3":0,"4":0,"5":0,"6":1},"f":{"0":0},"b":{},"_coverageSchema":"1a1c01bbd47fc00a2c39e90264f33305004495a9","hash":"ec98c726baa6a8d28d86bd03b9dd056fe6b17afc"}
,"/Users/dena/GlintsBootcamp/miniProject/backendteam_d/controllers/users.js": {"path":"/Users/dena/GlintsBootcamp/miniProject/backendteam_d/controllers/users.js","statementMap":{"0":{"start":{"line":1,"column":34},"end":{"line":1,"column":54}},"1":{"start":{"line":2,"column":46},"end":{"line":2,"column":65}},"2":{"start":{"line":3,"column":18},"end":{"line":3,"column":38}},"3":{"start":{"line":7,"column":4},"end":{"line":30,"column":5}},"4":{"start":{"line":8,"column":55},"end":{"line":8,"column":63}},"5":{"start":{"line":9,"column":27},"end":{"line":9,"column":46}},"6":{"start":{"line":11,"column":22},"end":{"line":16,"column":8}},"7":{"start":{"line":18,"column":19},"end":{"line":23,"column":8}},"8":{"start":{"line":24,"column":6},"end":{"line":27,"column":9}},"9":{"start":{"line":29,"column":6},"end":{"line":29,"column":18}},"10":{"start":{"line":34,"column":4},"end":{"line":50,"column":5}},"11":{"start":{"line":35,"column":17},"end":{"line":35,"column":30}},"12":{"start":{"line":36,"column":23},"end":{"line":41,"column":8}},"13":{"start":{"line":43,"column":6},"end":{"line":47,"column":9}},"14":{"start":{"line":49,"column":6},"end":{"line":49,"column":25}},"15":{"start":{"line":54,"column":4},"end":{"line":95,"column":5}},"16":{"start":{"line":55,"column":20},"end":{"line":55,"column":34}},"17":{"start":{"line":56,"column":23},"end":{"line":56,"column":40}},"18":{"start":{"line":57,"column":23},"end":{"line":61,"column":8}},"19":{"start":{"line":63,"column":6},"end":{"line":68,"column":7}},"20":{"start":{"line":64,"column":8},"end":{"line":67,"column":11}},"21":{"start":{"line":70,"column":6},"end":{"line":75,"column":7}},"22":{"start":{"line":71,"column":8},"end":{"line":74,"column":11}},"23":{"start":{"line":77,"column":23},"end":{"line":77,"column":40}},"24":{"start":{"line":78,"column":28},"end":{"line":78,"column":55}},"25":{"start":{"line":80,"column":6},"end":{"line":85,"column":7}},"26":{"start":{"line":81,"column":8},"end":{"line":84,"column":11}},"27":{"start":{"line":86,"column":6},"end":{"line":86,"column":39}},"28":{"start":{"line":87,"column":22},"end":{"line":87,"column":41}},"29":{"start":{"line":88,"column":20},"end":{"line":88,"column":42}},"30":{"start":{"line":89,"column":6},"end":{"line":92,"column":9}},"31":{"start":{"line":94,"column":6},"end":{"line":94,"column":18}},"32":{"start":{"line":100,"column":4},"end":{"line":126,"column":5}},"33":{"start":{"line":101,"column":55},"end":{"line":101,"column":63}},"34":{"start":{"line":102,"column":27},"end":{"line":102,"column":46}},"35":{"start":{"line":103,"column":6},"end":{"line":111,"column":8}},"36":{"start":{"line":113,"column":19},"end":{"line":118,"column":8}},"37":{"start":{"line":119,"column":6},"end":{"line":123,"column":9}},"38":{"start":{"line":125,"column":6},"end":{"line":125,"column":18}},"39":{"start":{"line":131,"column":4},"end":{"line":155,"column":5}},"40":{"start":{"line":132,"column":17},"end":{"line":132,"column":33}},"41":{"start":{"line":133,"column":26},"end":{"line":138,"column":8}},"42":{"start":{"line":140,"column":6},"end":{"line":145,"column":7}},"43":{"start":{"line":141,"column":8},"end":{"line":144,"column":11}},"44":{"start":{"line":147,"column":6},"end":{"line":152,"column":9}},"45":{"start":{"line":154,"column":6},"end":{"line":154,"column":18}},"46":{"start":{"line":160,"column":4},"end":{"line":201,"column":5}},"47":{"start":{"line":162,"column":28},"end":{"line":167,"column":7}},"48":{"start":{"line":163,"column":22},"end":{"line":163,"column":38}},"49":{"start":{"line":164,"column":23},"end":{"line":164,"column":46}},"50":{"start":{"line":166,"column":8},"end":{"line":166,"column":33}},"51":{"start":{"line":170,"column":28},"end":{"line":176,"column":7}},"52":{"start":{"line":171,"column":52},"end":{"line":171,"column":56}},"53":{"start":{"line":172,"column":28},"end":{"line":172,"column":44}},"54":{"start":{"line":173,"column":27},"end":{"line":173,"column":56}},"55":{"start":{"line":175,"column":8},"end":{"line":175,"column":63}},"56":{"start":{"line":177,"column":29},"end":{"line":177,"column":38}},"57":{"start":{"line":178,"column":32},"end":{"line":178,"column":57}},"58":{"start":{"line":180,"column":17},"end":{"line":192,"column":8}},"59":{"start":{"line":194,"column":6},"end":{"line":196,"column":7}},"60":{"start":{"line":195,"column":8},"end":{"line":195,"column":70}},"61":{"start":{"line":198,"column":6},"end":{"line":198,"column":44}},"62":{"start":{"line":200,"column":6},"end":{"line":200,"column":18}},"63":{"start":{"line":206,"column":0},"end":{"line":206,"column":23}}},"fnMap":{"0":{"name":"(anonymous_0)","decl":{"start":{"line":6,"column":2},"end":{"line":6,"column":3}},"loc":{"start":{"line":6,"column":42},"end":{"line":31,"column":3}},"line":6},"1":{"name":"(anonymous_1)","decl":{"start":{"line":33,"column":2},"end":{"line":33,"column":3}},"loc":{"start":{"line":33,"column":45},"end":{"line":51,"column":3}},"line":33},"2":{"name":"(anonymous_2)","decl":{"start":{"line":53,"column":2},"end":{"line":53,"column":3}},"loc":{"start":{"line":53,"column":37},"end":{"line":96,"column":3}},"line":53},"3":{"name":"(anonymous_3)","decl":{"start":{"line":99,"column":2},"end":{"line":99,"column":3}},"loc":{"start":{"line":99,"column":42},"end":{"line":127,"column":3}},"line":99},"4":{"name":"(anonymous_4)","decl":{"start":{"line":130,"column":2},"end":{"line":130,"column":3}},"loc":{"start":{"line":130,"column":42},"end":{"line":156,"column":3}},"line":130},"5":{"name":"(anonymous_5)","decl":{"start":{"line":159,"column":2},"end":{"line":159,"column":3}},"loc":{"start":{"line":159,"column":40},"end":{"line":202,"column":3}},"line":159},"6":{"name":"(anonymous_6)","decl":{"start":{"line":162,"column":28},"end":{"line":162,"column":29}},"loc":{"start":{"line":162,"column":44},"end":{"line":167,"column":7}},"line":162},"7":{"name":"(anonymous_7)","decl":{"start":{"line":170,"column":28},"end":{"line":170,"column":29}},"loc":{"start":{"line":170,"column":51},"end":{"line":176,"column":7}},"line":170}},"branchMap":{"0":{"loc":{"start":{"line":63,"column":6},"end":{"line":68,"column":7}},"type":"if","locations":[{"start":{"line":63,"column":6},"end":{"line":68,"column":7}},{"start":{},"end":{}}],"line":63},"1":{"loc":{"start":{"line":70,"column":6},"end":{"line":75,"column":7}},"type":"if","locations":[{"start":{"line":70,"column":6},"end":{"line":75,"column":7}},{"start":{},"end":{}}],"line":70},"2":{"loc":{"start":{"line":80,"column":6},"end":{"line":85,"column":7}},"type":"if","locations":[{"start":{"line":80,"column":6},"end":{"line":85,"column":7}},{"start":{},"end":{}}],"line":80},"3":{"loc":{"start":{"line":80,"column":10},"end":{"line":80,"column":42}},"type":"binary-expr","locations":[{"start":{"line":80,"column":10},"end":{"line":80,"column":24}},{"start":{"line":80,"column":28},"end":{"line":80,"column":42}}],"line":80},"4":{"loc":{"start":{"line":140,"column":6},"end":{"line":145,"column":7}},"type":"if","locations":[{"start":{"line":140,"column":6},"end":{"line":145,"column":7}},{"start":{},"end":{}}],"line":140},"5":{"loc":{"start":{"line":163,"column":22},"end":{"line":163,"column":38}},"type":"cond-expr","locations":[{"start":{"line":163,"column":29},"end":{"line":163,"column":34}},{"start":{"line":163,"column":37},"end":{"line":163,"column":38}}],"line":163},"6":{"loc":{"start":{"line":164,"column":23},"end":{"line":164,"column":46}},"type":"binary-expr","locations":[{"start":{"line":164,"column":23},"end":{"line":164,"column":41}},{"start":{"line":164,"column":45},"end":{"line":164,"column":46}}],"line":164},"7":{"loc":{"start":{"line":172,"column":28},"end":{"line":172,"column":44}},"type":"cond-expr","locations":[{"start":{"line":172,"column":35},"end":{"line":172,"column":40}},{"start":{"line":172,"column":43},"end":{"line":172,"column":44}}],"line":172},"8":{"loc":{"start":{"line":194,"column":6},"end":{"line":196,"column":7}},"type":"if","locations":[{"start":{"line":194,"column":6},"end":{"line":196,"column":7}},{"start":{},"end":{}}],"line":194}},"s":{"0":1,"1":1,"2":1,"3":0,"4":0,"5":0,"6":0,"7":0,"8":0,"9":0,"10":0,"11":0,"12":0,"13":0,"14":0,"15":4,"16":4,"17":4,"18":4,"19":4,"20":1,"21":3,"22":1,"23":2,"24":2,"25":2,"26":2,"27":0,"28":0,"29":0,"30":0,"31":0,"32":0,"33":0,"34":0,"35":0,"36":0,"37":0,"38":0,"39":0,"40":0,"41":0,"42":0,"43":0,"44":0,"45":0,"46":0,"47":0,"48":0,"49":0,"50":0,"51":0,"52":0,"53":0,"54":0,"55":0,"56":0,"57":0,"58":0,"59":0,"60":0,"61":0,"62":0,"63":1},"f":{"0":0,"1":0,"2":4,"3":0,"4":0,"5":0,"6":0,"7":0},"b":{"0":[1,3],"1":[1,2],"2":[2,0],"3":[2,2],"4":[0,0],"5":[0,0],"6":[0,0],"7":[0,0],"8":[0,0]},"_coverageSchema":"1a1c01bbd47fc00a2c39e90264f33305004495a9","hash":"0e4c54b96fe7a9709bc03996cc51a64c4bbb6af7"}
,"/Users/dena/GlintsBootcamp/miniProject/backendteam_d/middlewares/errorHandler/index.js": {"path":"/Users/dena/GlintsBootcamp/miniProject/backendteam_d/middlewares/errorHandler/index.js","statementMap":{"0":{"start":{"line":1,"column":0},"end":{"line":5,"column":2}},"1":{"start":{"line":2,"column":2},"end":{"line":4,"column":53}}},"fnMap":{"0":{"name":"(anonymous_0)","decl":{"start":{"line":1,"column":17},"end":{"line":1,"column":18}},"loc":{"start":{"line":1,"column":42},"end":{"line":5,"column":1}},"line":1}},"branchMap":{"0":{"loc":{"start":{"line":3,"column":12},"end":{"line":3,"column":33}},"type":"binary-expr","locations":[{"start":{"line":3,"column":12},"end":{"line":3,"column":26}},{"start":{"line":3,"column":30},"end":{"line":3,"column":33}}],"line":3},"1":{"loc":{"start":{"line":4,"column":20},"end":{"line":4,"column":49}},"type":"binary-expr","locations":[{"start":{"line":4,"column":20},"end":{"line":4,"column":32}},{"start":{"line":4,"column":36},"end":{"line":4,"column":49}}],"line":4}},"s":{"0":1,"1":0},"f":{"0":0},"b":{"0":[0,0],"1":[0,0]},"_coverageSchema":"1a1c01bbd47fc00a2c39e90264f33305004495a9","hash":"d13a486e3708ad1c473be8f717a390658ada7cbc"}
,"/Users/dena/GlintsBootcamp/miniProject/backendteam_d/middlewares/validators/authentication.js": {"path":"/Users/dena/GlintsBootcamp/miniProject/backendteam_d/middlewares/validators/authentication.js","statementMap":{"0":{"start":{"line":1,"column":24},"end":{"line":1,"column":50}},"1":{"start":{"line":3,"column":23},"end":{"line":20,"column":1}},"2":{"start":{"line":4,"column":2},"end":{"line":19,"column":3}},"3":{"start":{"line":5,"column":4},"end":{"line":10,"column":5}},"4":{"start":{"line":6,"column":6},"end":{"line":9,"column":9}},"5":{"start":{"line":12,"column":16},"end":{"line":12,"column":40}},"6":{"start":{"line":13,"column":19},"end":{"line":13,"column":37}},"7":{"start":{"line":14,"column":4},"end":{"line":14,"column":29}},"8":{"start":{"line":15,"column":4},"end":{"line":15,"column":11}},"9":{"start":{"line":17,"column":4},"end":{"line":17,"column":23}},"10":{"start":{"line":18,"column":4},"end":{"line":18,"column":16}},"11":{"start":{"line":22,"column":0},"end":{"line":22,"column":32}}},"fnMap":{"0":{"name":"(anonymous_0)","decl":{"start":{"line":3,"column":23},"end":{"line":3,"column":24}},"loc":{"start":{"line":3,"column":49},"end":{"line":20,"column":1}},"line":3}},"branchMap":{"0":{"loc":{"start":{"line":5,"column":4},"end":{"line":10,"column":5}},"type":"if","locations":[{"start":{"line":5,"column":4},"end":{"line":10,"column":5}},{"start":{},"end":{}}],"line":5}},"s":{"0":1,"1":1,"2":0,"3":0,"4":0,"5":0,"6":0,"7":0,"8":0,"9":0,"10":0,"11":1},"f":{"0":0},"b":{"0":[0,0]},"_coverageSchema":"1a1c01bbd47fc00a2c39e90264f33305004495a9","hash":"613e2077e6cfb637b5099ccdae2054c6738b1a24"}
,"/Users/dena/GlintsBootcamp/miniProject/backendteam_d/middlewares/validators/bookmark.js": {"path":"/Users/dena/GlintsBootcamp/miniProject/backendteam_d/middlewares/validators/bookmark.js","statementMap":{"0":{"start":{"line":1,"column":28},"end":{"line":1,"column":51}},"1":{"start":{"line":2,"column":15},"end":{"line":2,"column":35}},"2":{"start":{"line":4,"column":0},"end":{"line":47,"column":2}},"3":{"start":{"line":5,"column":2},"end":{"line":46,"column":3}},"4":{"start":{"line":6,"column":19},"end":{"line":6,"column":21}},"5":{"start":{"line":8,"column":20},"end":{"line":12,"column":6}},"6":{"start":{"line":14,"column":4},"end":{"line":16,"column":5}},"7":{"start":{"line":15,"column":6},"end":{"line":15,"column":50}},"8":{"start":{"line":19,"column":23},"end":{"line":33,"column":6}},"9":{"start":{"line":35,"column":4},"end":{"line":37,"column":5}},"10":{"start":{"line":36,"column":6},"end":{"line":36,"column":55}},"11":{"start":{"line":39,"column":4},"end":{"line":41,"column":5}},"12":{"start":{"line":40,"column":6},"end":{"line":40,"column":54}},"13":{"start":{"line":43,"column":4},"end":{"line":43,"column":11}},"14":{"start":{"line":45,"column":4},"end":{"line":45,"column":16}}},"fnMap":{"0":{"name":"(anonymous_0)","decl":{"start":{"line":4,"column":34},"end":{"line":4,"column":35}},"loc":{"start":{"line":4,"column":60},"end":{"line":47,"column":1}},"line":4}},"branchMap":{"0":{"loc":{"start":{"line":14,"column":4},"end":{"line":16,"column":5}},"type":"if","locations":[{"start":{"line":14,"column":4},"end":{"line":16,"column":5}},{"start":{},"end":{}}],"line":14},"1":{"loc":{"start":{"line":35,"column":4},"end":{"line":37,"column":5}},"type":"if","locations":[{"start":{"line":35,"column":4},"end":{"line":37,"column":5}},{"start":{},"end":{}}],"line":35},"2":{"loc":{"start":{"line":39,"column":4},"end":{"line":41,"column":5}},"type":"if","locations":[{"start":{"line":39,"column":4},"end":{"line":41,"column":5}},{"start":{},"end":{}}],"line":39}},"s":{"0":1,"1":1,"2":1,"3":0,"4":0,"5":0,"6":0,"7":0,"8":0,"9":0,"10":0,"11":0,"12":0,"13":0,"14":0},"f":{"0":0},"b":{"0":[0,0],"1":[0,0],"2":[0,0]},"_coverageSchema":"1a1c01bbd47fc00a2c39e90264f33305004495a9","hash":"6b8e28a4bcc9e03bd42ef805c4fffa3ce049a65b"}
,"/Users/dena/GlintsBootcamp/miniProject/backendteam_d/middlewares/validators/commentsValidator.js": {"path":"/Users/dena/GlintsBootcamp/miniProject/backendteam_d/middlewares/validators/commentsValidator.js","statementMap":{"0":{"start":{"line":1,"column":18},"end":{"line":1,"column":38}},"1":{"start":{"line":3,"column":0},"end":{"line":20,"column":2}},"2":{"start":{"line":4,"column":2},"end":{"line":19,"column":3}},"3":{"start":{"line":5,"column":19},"end":{"line":5,"column":21}},"4":{"start":{"line":8,"column":4},"end":{"line":10,"column":5}},"5":{"start":{"line":9,"column":6},"end":{"line":9,"column":47}},"6":{"start":{"line":12,"column":4},"end":{"line":14,"column":5}},"7":{"start":{"line":13,"column":6},"end":{"line":13,"column":54}},"8":{"start":{"line":16,"column":4},"end":{"line":16,"column":11}},"9":{"start":{"line":18,"column":4},"end":{"line":18,"column":16}}},"fnMap":{"0":{"name":"(anonymous_0)","decl":{"start":{"line":3,"column":41},"end":{"line":3,"column":42}},"loc":{"start":{"line":3,"column":67},"end":{"line":20,"column":1}},"line":3}},"branchMap":{"0":{"loc":{"start":{"line":8,"column":4},"end":{"line":10,"column":5}},"type":"if","locations":[{"start":{"line":8,"column":4},"end":{"line":10,"column":5}},{"start":{},"end":{}}],"line":8},"1":{"loc":{"start":{"line":12,"column":4},"end":{"line":14,"column":5}},"type":"if","locations":[{"start":{"line":12,"column":4},"end":{"line":14,"column":5}},{"start":{},"end":{}}],"line":12}},"s":{"0":1,"1":1,"2":0,"3":0,"4":0,"5":0,"6":0,"7":0,"8":0,"9":0},"f":{"0":0},"b":{"0":[0,0],"1":[0,0]},"_coverageSchema":"1a1c01bbd47fc00a2c39e90264f33305004495a9","hash":"35ba77b1952be5770a2e4d86c675a3b04fc2db1b"}
,"/Users/dena/GlintsBootcamp/miniProject/backendteam_d/middlewares/validators/events.js": {"path":"/Users/dena/GlintsBootcamp/miniProject/backendteam_d/middlewares/validators/events.js","statementMap":{"0":{"start":{"line":1,"column":13},"end":{"line":1,"column":28}},"1":{"start":{"line":2,"column":15},"end":{"line":2,"column":32}},"2":{"start":{"line":3,"column":18},"end":{"line":3,"column":38}},"3":{"start":{"line":4,"column":22},"end":{"line":4,"column":37}},"4":{"start":{"line":5,"column":19},"end":{"line":5,"column":43}},"5":{"start":{"line":8,"column":0},"end":{"line":134,"column":2}},"6":{"start":{"line":9,"column":2},"end":{"line":133,"column":3}},"7":{"start":{"line":10,"column":19},"end":{"line":10,"column":21}},"8":{"start":{"line":13,"column":4},"end":{"line":15,"column":5}},"9":{"start":{"line":14,"column":6},"end":{"line":14,"column":45}},"10":{"start":{"line":19,"column":4},"end":{"line":51,"column":5}},"11":{"start":{"line":20,"column":6},"end":{"line":20,"column":45}},"12":{"start":{"line":21,"column":11},"end":{"line":51,"column":5}},"13":{"start":{"line":25,"column":19},"end":{"line":25,"column":39}},"14":{"start":{"line":28,"column":6},"end":{"line":30,"column":7}},"15":{"start":{"line":29,"column":8},"end":{"line":29,"column":45}},"16":{"start":{"line":33,"column":6},"end":{"line":35,"column":7}},"17":{"start":{"line":34,"column":8},"end":{"line":34,"column":51}},"18":{"start":{"line":38,"column":21},"end":{"line":38,"column":59}},"19":{"start":{"line":41,"column":6},"end":{"line":41,"column":60}},"20":{"start":{"line":44,"column":19},"end":{"line":44,"column":37}},"21":{"start":{"line":47,"column":6},"end":{"line":47,"column":56}},"22":{"start":{"line":50,"column":6},"end":{"line":50,"column":89}},"23":{"start":{"line":54,"column":4},"end":{"line":56,"column":5}},"24":{"start":{"line":55,"column":6},"end":{"line":55,"column":54}},"25":{"start":{"line":59,"column":4},"end":{"line":61,"column":5}},"26":{"start":{"line":60,"column":6},"end":{"line":60,"column":53}},"27":{"start":{"line":64,"column":4},"end":{"line":71,"column":5}},"28":{"start":{"line":70,"column":6},"end":{"line":70,"column":69}},"29":{"start":{"line":74,"column":4},"end":{"line":76,"column":5}},"30":{"start":{"line":75,"column":6},"end":{"line":75,"column":50}},"31":{"start":{"line":80,"column":4},"end":{"line":112,"column":5}},"32":{"start":{"line":81,"column":6},"end":{"line":81,"column":53}},"33":{"start":{"line":82,"column":11},"end":{"line":112,"column":5}},"34":{"start":{"line":86,"column":19},"end":{"line":86,"column":41}},"35":{"start":{"line":89,"column":6},"end":{"line":91,"column":7}},"36":{"start":{"line":90,"column":8},"end":{"line":90,"column":45}},"37":{"start":{"line":94,"column":6},"end":{"line":96,"column":7}},"38":{"start":{"line":95,"column":8},"end":{"line":95,"column":51}},"39":{"start":{"line":99,"column":21},"end":{"line":99,"column":59}},"40":{"start":{"line":102,"column":6},"end":{"line":102,"column":60}},"41":{"start":{"line":105,"column":19},"end":{"line":105,"column":37}},"42":{"start":{"line":108,"column":6},"end":{"line":108,"column":62}},"43":{"start":{"line":111,"column":6},"end":{"line":111,"column":97}},"44":{"start":{"line":115,"column":4},"end":{"line":117,"column":5}},"45":{"start":{"line":116,"column":6},"end":{"line":116,"column":55}},"46":{"start":{"line":120,"column":4},"end":{"line":124,"column":5}},"47":{"start":{"line":123,"column":6},"end":{"line":123,"column":59}},"48":{"start":{"line":126,"column":4},"end":{"line":128,"column":5}},"49":{"start":{"line":127,"column":6},"end":{"line":127,"column":54}},"50":{"start":{"line":130,"column":4},"end":{"line":130,"column":11}},"51":{"start":{"line":132,"column":4},"end":{"line":132,"column":16}}},"fnMap":{"0":{"name":"(anonymous_0)","decl":{"start":{"line":8,"column":40},"end":{"line":8,"column":41}},"loc":{"start":{"line":8,"column":66},"end":{"line":134,"column":1}},"line":8}},"branchMap":{"0":{"loc":{"start":{"line":13,"column":4},"end":{"line":15,"column":5}},"type":"if","locations":[{"start":{"line":13,"column":4},"end":{"line":15,"column":5}},{"start":{},"end":{}}],"line":13},"1":{"loc":{"start":{"line":19,"column":4},"end":{"line":51,"column":5}},"type":"if","locations":[{"start":{"line":19,"column":4},"end":{"line":51,"column":5}},{"start":{"line":21,"column":11},"end":{"line":51,"column":5}}],"line":19},"2":{"loc":{"start":{"line":19,"column":10},"end":{"line":19,"column":43}},"type":"binary-expr","locations":[{"start":{"line":19,"column":10},"end":{"line":19,"column":19}},{"start":{"line":19,"column":23},"end":{"line":19,"column":43}}],"line":19},"3":{"loc":{"start":{"line":21,"column":11},"end":{"line":51,"column":5}},"type":"if","locations":[{"start":{"line":21,"column":11},"end":{"line":51,"column":5}},{"start":{},"end":{}}],"line":21},"4":{"loc":{"start":{"line":28,"column":6},"end":{"line":30,"column":7}},"type":"if","locations":[{"start":{"line":28,"column":6},"end":{"line":30,"column":7}},{"start":{},"end":{}}],"line":28},"5":{"loc":{"start":{"line":33,"column":6},"end":{"line":35,"column":7}},"type":"if","locations":[{"start":{"line":33,"column":6},"end":{"line":35,"column":7}},{"start":{},"end":{}}],"line":33},"6":{"loc":{"start":{"line":54,"column":4},"end":{"line":56,"column":5}},"type":"if","locations":[{"start":{"line":54,"column":4},"end":{"line":56,"column":5}},{"start":{},"end":{}}],"line":54},"7":{"loc":{"start":{"line":59,"column":4},"end":{"line":61,"column":5}},"type":"if","locations":[{"start":{"line":59,"column":4},"end":{"line":61,"column":5}},{"start":{},"end":{}}],"line":59},"8":{"loc":{"start":{"line":64,"column":4},"end":{"line":71,"column":5}},"type":"if","locations":[{"start":{"line":64,"column":4},"end":{"line":71,"column":5}},{"start":{},"end":{}}],"line":64},"9":{"loc":{"start":{"line":74,"column":4},"end":{"line":76,"column":5}},"type":"if","locations":[{"start":{"line":74,"column":4},"end":{"line":76,"column":5}},{"start":{},"end":{}}],"line":74},"10":{"loc":{"start":{"line":80,"column":4},"end":{"line":112,"column":5}},"type":"if","locations":[{"start":{"line":80,"column":4},"end":{"line":112,"column":5}},{"start":{"line":82,"column":11},"end":{"line":112,"column":5}}],"line":80},"11":{"loc":{"start":{"line":80,"column":10},"end":{"line":80,"column":45}},"type":"binary-expr","locations":[{"start":{"line":80,"column":10},"end":{"line":80,"column":19}},{"start":{"line":80,"column":23},"end":{"line":80,"column":45}}],"line":80},"12":{"loc":{"start":{"line":82,"column":11},"end":{"line":112,"column":5}},"type":"if","locations":[{"start":{"line":82,"column":11},"end":{"line":112,"column":5}},{"start":{},"end":{}}],"line":82},"13":{"loc":{"start":{"line":89,"column":6},"end":{"line":91,"column":7}},"type":"if","locations":[{"start":{"line":89,"column":6},"end":{"line":91,"column":7}},{"start":{},"end":{}}],"line":89},"14":{"loc":{"start":{"line":94,"column":6},"end":{"line":96,"column":7}},"type":"if","locations":[{"start":{"line":94,"column":6},"end":{"line":96,"column":7}},{"start":{},"end":{}}],"line":94},"15":{"loc":{"start":{"line":115,"column":4},"end":{"line":117,"column":5}},"type":"if","locations":[{"start":{"line":115,"column":4},"end":{"line":117,"column":5}},{"start":{},"end":{}}],"line":115},"16":{"loc":{"start":{"line":120,"column":4},"end":{"line":124,"column":5}},"type":"if","locations":[{"start":{"line":120,"column":4},"end":{"line":124,"column":5}},{"start":{},"end":{}}],"line":120},"17":{"loc":{"start":{"line":126,"column":4},"end":{"line":128,"column":5}},"type":"if","locations":[{"start":{"line":126,"column":4},"end":{"line":128,"column":5}},{"start":{},"end":{}}],"line":126}},"s":{"0":1,"1":1,"2":1,"3":1,"4":1,"5":1,"6":0,"7":0,"8":0,"9":0,"10":0,"11":0,"12":0,"13":0,"14":0,"15":0,"16":0,"17":0,"18":0,"19":0,"20":0,"21":0,"22":0,"23":0,"24":0,"25":0,"26":0,"27":0,"28":0,"29":0,"30":0,"31":0,"32":0,"33":0,"34":0,"35":0,"36":0,"37":0,"38":0,"39":0,"40":0,"41":0,"42":0,"43":0,"44":0,"45":0,"46":0,"47":0,"48":0,"49":0,"50":0,"51":0},"f":{"0":0},"b":{"0":[0,0],"1":[0,0],"2":[0,0],"3":[0,0],"4":[0,0],"5":[0,0],"6":[0,0],"7":[0,0],"8":[0,0],"9":[0,0],"10":[0,0],"11":[0,0],"12":[0,0],"13":[0,0],"14":[0,0],"15":[0,0],"16":[0,0],"17":[0,0]},"_coverageSchema":"1a1c01bbd47fc00a2c39e90264f33305004495a9","hash":"65f7a71e4041a228dd815ea476e5959181dd1584"}
,"/Users/dena/GlintsBootcamp/miniProject/backendteam_d/middlewares/validators/ratingsValidator.js": {"path":"/Users/dena/GlintsBootcamp/miniProject/backendteam_d/middlewares/validators/ratingsValidator.js","statementMap":{"0":{"start":{"line":1,"column":18},"end":{"line":1,"column":38}},"1":{"start":{"line":2,"column":26},"end":{"line":2,"column":49}},"2":{"start":{"line":3,"column":15},"end":{"line":3,"column":35}},"3":{"start":{"line":5,"column":0},"end":{"line":56,"column":2}},"4":{"start":{"line":6,"column":2},"end":{"line":55,"column":3}},"5":{"start":{"line":7,"column":19},"end":{"line":7,"column":21}},"6":{"start":{"line":9,"column":20},"end":{"line":13,"column":6}},"7":{"start":{"line":15,"column":4},"end":{"line":17,"column":5}},"8":{"start":{"line":16,"column":6},"end":{"line":16,"column":50}},"9":{"start":{"line":20,"column":23},"end":{"line":34,"column":6}},"10":{"start":{"line":36,"column":4},"end":{"line":38,"column":5}},"11":{"start":{"line":37,"column":6},"end":{"line":37,"column":62}},"12":{"start":{"line":40,"column":4},"end":{"line":42,"column":5}},"13":{"start":{"line":41,"column":6},"end":{"line":41,"column":42}},"14":{"start":{"line":44,"column":4},"end":{"line":46,"column":5}},"15":{"start":{"line":45,"column":6},"end":{"line":45,"column":53}},"16":{"start":{"line":48,"column":4},"end":{"line":50,"column":5}},"17":{"start":{"line":49,"column":6},"end":{"line":49,"column":54}},"18":{"start":{"line":52,"column":4},"end":{"line":52,"column":11}},"19":{"start":{"line":54,"column":4},"end":{"line":54,"column":16}}},"fnMap":{"0":{"name":"(anonymous_0)","decl":{"start":{"line":5,"column":32},"end":{"line":5,"column":33}},"loc":{"start":{"line":5,"column":58},"end":{"line":56,"column":1}},"line":5}},"branchMap":{"0":{"loc":{"start":{"line":15,"column":4},"end":{"line":17,"column":5}},"type":"if","locations":[{"start":{"line":15,"column":4},"end":{"line":17,"column":5}},{"start":{},"end":{}}],"line":15},"1":{"loc":{"start":{"line":36,"column":4},"end":{"line":38,"column":5}},"type":"if","locations":[{"start":{"line":36,"column":4},"end":{"line":38,"column":5}},{"start":{},"end":{}}],"line":36},"2":{"loc":{"start":{"line":40,"column":4},"end":{"line":42,"column":5}},"type":"if","locations":[{"start":{"line":40,"column":4},"end":{"line":42,"column":5}},{"start":{},"end":{}}],"line":40},"3":{"loc":{"start":{"line":44,"column":4},"end":{"line":46,"column":5}},"type":"if","locations":[{"start":{"line":44,"column":4},"end":{"line":46,"column":5}},{"start":{},"end":{}}],"line":44},"4":{"loc":{"start":{"line":44,"column":8},"end":{"line":44,"column":50}},"type":"binary-expr","locations":[{"start":{"line":44,"column":8},"end":{"line":44,"column":27}},{"start":{"line":44,"column":31},"end":{"line":44,"column":50}}],"line":44},"5":{"loc":{"start":{"line":48,"column":4},"end":{"line":50,"column":5}},"type":"if","locations":[{"start":{"line":48,"column":4},"end":{"line":50,"column":5}},{"start":{},"end":{}}],"line":48}},"s":{"0":1,"1":1,"2":1,"3":1,"4":0,"5":0,"6":0,"7":0,"8":0,"9":0,"10":0,"11":0,"12":0,"13":0,"14":0,"15":0,"16":0,"17":0,"18":0,"19":0},"f":{"0":0},"b":{"0":[0,0],"1":[0,0],"2":[0,0],"3":[0,0],"4":[0,0],"5":[0,0]},"_coverageSchema":"1a1c01bbd47fc00a2c39e90264f33305004495a9","hash":"6e3e12743e80a2f7d22ca154c82c418522a8e9a5"}
,"/Users/dena/GlintsBootcamp/miniProject/backendteam_d/middlewares/validators/users.js": {"path":"/Users/dena/GlintsBootcamp/miniProject/backendteam_d/middlewares/validators/users.js","statementMap":{"0":{"start":{"line":1,"column":13},"end":{"line":1,"column":28}},"1":{"start":{"line":2,"column":15},"end":{"line":2,"column":32}},"2":{"start":{"line":3,"column":18},"end":{"line":3,"column":38}},"3":{"start":{"line":4,"column":22},"end":{"line":4,"column":37}},"4":{"start":{"line":5,"column":17},"end":{"line":5,"column":40}},"5":{"start":{"line":8,"column":0},"end":{"line":98,"column":2}},"6":{"start":{"line":9,"column":2},"end":{"line":97,"column":3}},"7":{"start":{"line":10,"column":19},"end":{"line":10,"column":21}},"8":{"start":{"line":13,"column":4},"end":{"line":15,"column":5}},"9":{"start":{"line":14,"column":6},"end":{"line":14,"column":49}},"10":{"start":{"line":18,"column":4},"end":{"line":20,"column":5}},"11":{"start":{"line":19,"column":6},"end":{"line":19,"column":48}},"12":{"start":{"line":23,"column":22},"end":{"line":23,"column":78}},"13":{"start":{"line":25,"column":4},"end":{"line":27,"column":5}},"14":{"start":{"line":26,"column":6},"end":{"line":26,"column":54}},"15":{"start":{"line":29,"column":4},"end":{"line":31,"column":5}},"16":{"start":{"line":30,"column":6},"end":{"line":30,"column":40}},"17":{"start":{"line":33,"column":4},"end":{"line":35,"column":5}},"18":{"start":{"line":34,"column":6},"end":{"line":34,"column":65}},"19":{"start":{"line":37,"column":4},"end":{"line":52,"column":5}},"20":{"start":{"line":49,"column":6},"end":{"line":51,"column":8}},"21":{"start":{"line":89,"column":4},"end":{"line":91,"column":5}},"22":{"start":{"line":90,"column":6},"end":{"line":90,"column":54}},"23":{"start":{"line":93,"column":4},"end":{"line":93,"column":11}},"24":{"start":{"line":95,"column":4},"end":{"line":95,"column":23}},"25":{"start":{"line":96,"column":4},"end":{"line":96,"column":16}}},"fnMap":{"0":{"name":"(anonymous_0)","decl":{"start":{"line":8,"column":39},"end":{"line":8,"column":40}},"loc":{"start":{"line":8,"column":65},"end":{"line":98,"column":1}},"line":8}},"branchMap":{"0":{"loc":{"start":{"line":13,"column":4},"end":{"line":15,"column":5}},"type":"if","locations":[{"start":{"line":13,"column":4},"end":{"line":15,"column":5}},{"start":{},"end":{}}],"line":13},"1":{"loc":{"start":{"line":18,"column":4},"end":{"line":20,"column":5}},"type":"if","locations":[{"start":{"line":18,"column":4},"end":{"line":20,"column":5}},{"start":{},"end":{}}],"line":18},"2":{"loc":{"start":{"line":25,"column":4},"end":{"line":27,"column":5}},"type":"if","locations":[{"start":{"line":25,"column":4},"end":{"line":27,"column":5}},{"start":{},"end":{}}],"line":25},"3":{"loc":{"start":{"line":29,"column":4},"end":{"line":31,"column":5}},"type":"if","locations":[{"start":{"line":29,"column":4},"end":{"line":31,"column":5}},{"start":{},"end":{}}],"line":29},"4":{"loc":{"start":{"line":33,"column":4},"end":{"line":35,"column":5}},"type":"if","locations":[{"start":{"line":33,"column":4},"end":{"line":35,"column":5}},{"start":{},"end":{}}],"line":33},"5":{"loc":{"start":{"line":37,"column":4},"end":{"line":52,"column":5}},"type":"if","locations":[{"start":{"line":37,"column":4},"end":{"line":52,"column":5}},{"start":{},"end":{}}],"line":37},"6":{"loc":{"start":{"line":89,"column":4},"end":{"line":91,"column":5}},"type":"if","locations":[{"start":{"line":89,"column":4},"end":{"line":91,"column":5}},{"start":{},"end":{}}],"line":89}},"s":{"0":1,"1":1,"2":1,"3":1,"4":1,"5":1,"6":0,"7":0,"8":0,"9":0,"10":0,"11":0,"12":0,"13":0,"14":0,"15":0,"16":0,"17":0,"18":0,"19":0,"20":0,"21":0,"22":0,"23":0,"24":0,"25":0},"f":{"0":0},"b":{"0":[0,0],"1":[0,0],"2":[0,0],"3":[0,0],"4":[0,0],"5":[0,0],"6":[0,0]},"_coverageSchema":"1a1c01bbd47fc00a2c39e90264f33305004495a9","hash":"adf234bd25d64741f504134ad1afa07fbc212d32"}
,"/Users/dena/GlintsBootcamp/miniProject/backendteam_d/models/bookmark.js": {"path":"/Users/dena/GlintsBootcamp/miniProject/backendteam_d/models/bookmark.js","statementMap":{"0":{"start":{"line":2,"column":18},"end":{"line":2,"column":38}},"1":{"start":{"line":3,"column":0},"end":{"line":39,"column":2}},"2":{"start":{"line":12,"column":6},"end":{"line":14,"column":9}},"3":{"start":{"line":16,"column":6},"end":{"line":18,"column":9}},"4":{"start":{"line":20,"column":6},"end":{"line":22,"column":9}},"5":{"start":{"line":25,"column":2},"end":{"line":37,"column":4}},"6":{"start":{"line":38,"column":2},"end":{"line":38,"column":18}}},"fnMap":{"0":{"name":"(anonymous_0)","decl":{"start":{"line":3,"column":17},"end":{"line":3,"column":18}},"loc":{"start":{"line":3,"column":43},"end":{"line":39,"column":1}},"line":3},"1":{"name":"(anonymous_1)","decl":{"start":{"line":10,"column":4},"end":{"line":10,"column":5}},"loc":{"start":{"line":10,"column":29},"end":{"line":23,"column":5}},"line":10}},"branchMap":{},"s":{"0":1,"1":1,"2":1,"3":1,"4":1,"5":1,"6":1},"f":{"0":1,"1":1},"b":{},"_coverageSchema":"1a1c01bbd47fc00a2c39e90264f33305004495a9","hash":"a7537e9a11efe3c15327ca95d772f1dd900c0624"}
,"/Users/dena/GlintsBootcamp/miniProject/backendteam_d/models/category.js": {"path":"/Users/dena/GlintsBootcamp/miniProject/backendteam_d/models/category.js","statementMap":{"0":{"start":{"line":2,"column":18},"end":{"line":2,"column":38}},"1":{"start":{"line":3,"column":0},"end":{"line":35,"column":2}},"2":{"start":{"line":12,"column":6},"end":{"line":14,"column":9}},"3":{"start":{"line":15,"column":6},"end":{"line":17,"column":9}},"4":{"start":{"line":18,"column":6},"end":{"line":20,"column":9}},"5":{"start":{"line":23,"column":2},"end":{"line":33,"column":4}},"6":{"start":{"line":34,"column":2},"end":{"line":34,"column":18}}},"fnMap":{"0":{"name":"(anonymous_0)","decl":{"start":{"line":3,"column":17},"end":{"line":3,"column":18}},"loc":{"start":{"line":3,"column":43},"end":{"line":35,"column":1}},"line":3},"1":{"name":"(anonymous_1)","decl":{"start":{"line":10,"column":4},"end":{"line":10,"column":5}},"loc":{"start":{"line":10,"column":29},"end":{"line":21,"column":5}},"line":10}},"branchMap":{},"s":{"0":1,"1":1,"2":1,"3":1,"4":1,"5":1,"6":1},"f":{"0":1,"1":1},"b":{},"_coverageSchema":"1a1c01bbd47fc00a2c39e90264f33305004495a9","hash":"027410e6a867dd53bc2030307bef37c239d90bb2"}
,"/Users/dena/GlintsBootcamp/miniProject/backendteam_d/models/comment.js": {"path":"/Users/dena/GlintsBootcamp/miniProject/backendteam_d/models/comment.js","statementMap":{"0":{"start":{"line":2,"column":18},"end":{"line":2,"column":38}},"1":{"start":{"line":3,"column":0},"end":{"line":36,"column":2}},"2":{"start":{"line":13,"column":6},"end":{"line":15,"column":9}},"3":{"start":{"line":17,"column":6},"end":{"line":19,"column":9}},"4":{"start":{"line":22,"column":2},"end":{"line":34,"column":4}},"5":{"start":{"line":35,"column":2},"end":{"line":35,"column":17}}},"fnMap":{"0":{"name":"(anonymous_0)","decl":{"start":{"line":3,"column":17},"end":{"line":3,"column":18}},"loc":{"start":{"line":3,"column":43},"end":{"line":36,"column":1}},"line":3},"1":{"name":"(anonymous_1)","decl":{"start":{"line":10,"column":4},"end":{"line":10,"column":5}},"loc":{"start":{"line":10,"column":29},"end":{"line":20,"column":5}},"line":10}},"branchMap":{},"s":{"0":1,"1":1,"2":1,"3":1,"4":1,"5":1},"f":{"0":1,"1":1},"b":{},"_coverageSchema":"1a1c01bbd47fc00a2c39e90264f33305004495a9","hash":"92476b26b185948040bdd36f5671f1c3b99063a9"}
,"/Users/dena/GlintsBootcamp/miniProject/backendteam_d/models/event.js": {"path":"/Users/dena/GlintsBootcamp/miniProject/backendteam_d/models/event.js","statementMap":{"0":{"start":{"line":2,"column":18},"end":{"line":2,"column":38}},"1":{"start":{"line":3,"column":0},"end":{"line":52,"column":2}},"2":{"start":{"line":13,"column":6},"end":{"line":15,"column":9}},"3":{"start":{"line":16,"column":6},"end":{"line":18,"column":9}},"4":{"start":{"line":19,"column":6},"end":{"line":21,"column":9}},"5":{"start":{"line":22,"column":6},"end":{"line":24,"column":9}},"6":{"start":{"line":25,"column":6},"end":{"line":27,"column":9}},"7":{"start":{"line":30,"column":2},"end":{"line":50,"column":4}},"8":{"start":{"line":51,"column":2},"end":{"line":51,"column":15}}},"fnMap":{"0":{"name":"(anonymous_0)","decl":{"start":{"line":3,"column":17},"end":{"line":3,"column":18}},"loc":{"start":{"line":3,"column":43},"end":{"line":52,"column":1}},"line":3},"1":{"name":"(anonymous_1)","decl":{"start":{"line":10,"column":4},"end":{"line":10,"column":5}},"loc":{"start":{"line":10,"column":29},"end":{"line":28,"column":5}},"line":10}},"branchMap":{},"s":{"0":1,"1":1,"2":1,"3":1,"4":1,"5":1,"6":1,"7":1,"8":1},"f":{"0":1,"1":1},"b":{},"_coverageSchema":"1a1c01bbd47fc00a2c39e90264f33305004495a9","hash":"4566b8b4f52b1a47798cd7d832d1bed3407fdef1"}
,"/Users/dena/GlintsBootcamp/miniProject/backendteam_d/models/index.js": {"path":"/Users/dena/GlintsBootcamp/miniProject/backendteam_d/models/index.js","statementMap":{"0":{"start":{"line":3,"column":11},"end":{"line":3,"column":24}},"1":{"start":{"line":4,"column":13},"end":{"line":4,"column":28}},"2":{"start":{"line":5,"column":18},"end":{"line":5,"column":38}},"3":{"start":{"line":6,"column":17},"end":{"line":6,"column":42}},"4":{"start":{"line":7,"column":12},"end":{"line":7,"column":49}},"5":{"start":{"line":8,"column":15},"end":{"line":8,"column":63}},"6":{"start":{"line":9,"column":11},"end":{"line":9,"column":13}},"7":{"start":{"line":12,"column":0},"end":{"line":16,"column":1}},"8":{"start":{"line":13,"column":2},"end":{"line":13,"column":74}},"9":{"start":{"line":15,"column":2},"end":{"line":15,"column":87}},"10":{"start":{"line":18,"column":0},"end":{"line":26,"column":5}},"11":{"start":{"line":21,"column":4},"end":{"line":21,"column":90}},"12":{"start":{"line":24,"column":18},"end":{"line":24,"column":85}},"13":{"start":{"line":25,"column":4},"end":{"line":25,"column":27}},"14":{"start":{"line":28,"column":0},"end":{"line":32,"column":3}},"15":{"start":{"line":29,"column":2},"end":{"line":31,"column":3}},"16":{"start":{"line":30,"column":4},"end":{"line":30,"column":32}},"17":{"start":{"line":34,"column":0},"end":{"line":34,"column":25}},"18":{"start":{"line":35,"column":0},"end":{"line":35,"column":25}},"19":{"start":{"line":37,"column":0},"end":{"line":37,"column":20}}},"fnMap":{"0":{"name":"(anonymous_0)","decl":{"start":{"line":20,"column":10},"end":{"line":20,"column":11}},"loc":{"start":{"line":20,"column":18},"end":{"line":22,"column":3}},"line":20},"1":{"name":"(anonymous_1)","decl":{"start":{"line":23,"column":11},"end":{"line":23,"column":12}},"loc":{"start":{"line":23,"column":19},"end":{"line":26,"column":3}},"line":23},"2":{"name":"(anonymous_2)","decl":{"start":{"line":28,"column":24},"end":{"line":28,"column":25}},"loc":{"start":{"line":28,"column":37},"end":{"line":32,"column":1}},"line":28}},"branchMap":{"0":{"loc":{"start":{"line":7,"column":12},"end":{"line":7,"column":49}},"type":"binary-expr","locations":[{"start":{"line":7,"column":12},"end":{"line":7,"column":32}},{"start":{"line":7,"column":36},"end":{"line":7,"column":49}}],"line":7},"1":{"loc":{"start":{"line":12,"column":0},"end":{"line":16,"column":1}},"type":"if","locations":[{"start":{"line":12,"column":0},"end":{"line":16,"column":1}},{"start":{"line":14,"column":7},"end":{"line":16,"column":1}}],"line":12},"2":{"loc":{"start":{"line":21,"column":11},"end":{"line":21,"column":89}},"type":"binary-expr","locations":[{"start":{"line":21,"column":12},"end":{"line":21,"column":35}},{"start":{"line":21,"column":41},"end":{"line":21,"column":58}},{"start":{"line":21,"column":64},"end":{"line":21,"column":88}}],"line":21},"3":{"loc":{"start":{"line":29,"column":2},"end":{"line":31,"column":3}},"type":"if","locations":[{"start":{"line":29,"column":2},"end":{"line":31,"column":3}},{"start":{},"end":{}}],"line":29}},"s":{"0":1,"1":1,"2":1,"3":1,"4":1,"5":1,"6":1,"7":1,"8":0,"9":1,"10":1,"11":7,"12":6,"13":6,"14":1,"15":6,"16":6,"17":1,"18":1,"19":1},"f":{"0":7,"1":6,"2":6},"b":{"0":[1,0],"1":[0,1],"2":[7,7,6],"3":[6,0]},"_coverageSchema":"1a1c01bbd47fc00a2c39e90264f33305004495a9","hash":"9f639a8e42a6607b500143464c0903865afec4f7"}
,"/Users/dena/GlintsBootcamp/miniProject/backendteam_d/models/rating.js": {"path":"/Users/dena/GlintsBootcamp/miniProject/backendteam_d/models/rating.js","statementMap":{"0":{"start":{"line":2,"column":18},"end":{"line":2,"column":38}},"1":{"start":{"line":3,"column":0},"end":{"line":38,"column":2}},"2":{"start":{"line":12,"column":6},"end":{"line":14,"column":9}},"3":{"start":{"line":16,"column":6},"end":{"line":18,"column":9}},"4":{"start":{"line":20,"column":6},"end":{"line":22,"column":9}},"5":{"start":{"line":25,"column":2},"end":{"line":36,"column":4}},"6":{"start":{"line":37,"column":2},"end":{"line":37,"column":16}}},"fnMap":{"0":{"name":"(anonymous_0)","decl":{"start":{"line":3,"column":17},"end":{"line":3,"column":18}},"loc":{"start":{"line":3,"column":43},"end":{"line":38,"column":1}},"line":3},"1":{"name":"(anonymous_1)","decl":{"start":{"line":10,"column":4},"end":{"line":10,"column":5}},"loc":{"start":{"line":10,"column":29},"end":{"line":23,"column":5}},"line":10}},"branchMap":{},"s":{"0":1,"1":1,"2":1,"3":1,"4":1,"5":1,"6":1},"f":{"0":1,"1":1},"b":{},"_coverageSchema":"1a1c01bbd47fc00a2c39e90264f33305004495a9","hash":"cd8080d5d78edb902e99f46f2e37087d6352dd8b"}
,"/Users/dena/GlintsBootcamp/miniProject/backendteam_d/models/user.js": {"path":"/Users/dena/GlintsBootcamp/miniProject/backendteam_d/models/user.js","statementMap":{"0":{"start":{"line":2,"column":18},"end":{"line":2,"column":38}},"1":{"start":{"line":3,"column":0},"end":{"line":42,"column":2}},"2":{"start":{"line":12,"column":6},"end":{"line":14,"column":9}},"3":{"start":{"line":15,"column":6},"end":{"line":17,"column":9}},"4":{"start":{"line":18,"column":6},"end":{"line":20,"column":9}},"5":{"start":{"line":21,"column":6},"end":{"line":23,"column":9}},"6":{"start":{"line":26,"column":2},"end":{"line":40,"column":4}},"7":{"start":{"line":41,"column":2},"end":{"line":41,"column":14}}},"fnMap":{"0":{"name":"(anonymous_0)","decl":{"start":{"line":3,"column":17},"end":{"line":3,"column":18}},"loc":{"start":{"line":3,"column":43},"end":{"line":42,"column":1}},"line":3},"1":{"name":"(anonymous_1)","decl":{"start":{"line":10,"column":4},"end":{"line":10,"column":5}},"loc":{"start":{"line":10,"column":29},"end":{"line":24,"column":5}},"line":10}},"branchMap":{},"s":{"0":1,"1":1,"2":1,"3":1,"4":1,"5":1,"6":1,"7":1},"f":{"0":1,"1":1},"b":{},"_coverageSchema":"1a1c01bbd47fc00a2c39e90264f33305004495a9","hash":"fb663689cef1d841201f2521538c9b1b16569c7e"}
,"/Users/dena/GlintsBootcamp/miniProject/backendteam_d/routes/bookmark.js": {"path":"/Users/dena/GlintsBootcamp/miniProject/backendteam_d/routes/bookmark.js","statementMap":{"0":{"start":{"line":2,"column":16},"end":{"line":2,"column":34}},"1":{"start":{"line":9,"column":4},"end":{"line":9,"column":38}},"2":{"start":{"line":14,"column":4},"end":{"line":14,"column":49}},"3":{"start":{"line":17,"column":15},"end":{"line":17,"column":31}},"4":{"start":{"line":20,"column":0},"end":{"line":20,"column":33}},"5":{"start":{"line":21,"column":0},"end":{"line":21,"column":61}},"6":{"start":{"line":24,"column":0},"end":{"line":24,"column":38}},"7":{"start":{"line":27,"column":0},"end":{"line":27,"column":24}}},"fnMap":{},"branchMap":{},"s":{"0":1,"1":1,"2":1,"3":1,"4":1,"5":1,"6":1,"7":1},"f":{},"b":{},"_coverageSchema":"1a1c01bbd47fc00a2c39e90264f33305004495a9","hash":"e994c4c10883cb0072ab52f379fd457fad20522a"}
,"/Users/dena/GlintsBootcamp/miniProject/backendteam_d/routes/commentsRouter.js": {"path":"/Users/dena/GlintsBootcamp/miniProject/backendteam_d/routes/commentsRouter.js","statementMap":{"0":{"start":{"line":1,"column":16},"end":{"line":1,"column":34}},"1":{"start":{"line":5,"column":4},"end":{"line":5,"column":58}},"2":{"start":{"line":11,"column":4},"end":{"line":11,"column":48}},"3":{"start":{"line":13,"column":15},"end":{"line":13,"column":31}},"4":{"start":{"line":16,"column":0},"end":{"line":16,"column":67}},"5":{"start":{"line":17,"column":0},"end":{"line":17,"column":66}},"6":{"start":{"line":18,"column":0},"end":{"line":18,"column":37}},"7":{"start":{"line":20,"column":0},"end":{"line":20,"column":24}}},"fnMap":{},"branchMap":{},"s":{"0":1,"1":1,"2":1,"3":1,"4":1,"5":1,"6":1,"7":1},"f":{},"b":{},"_coverageSchema":"1a1c01bbd47fc00a2c39e90264f33305004495a9","hash":"b818395b6d5f0f645a4a2ad660d334c845d77f81"}
,"/Users/dena/GlintsBootcamp/miniProject/backendteam_d/routes/events.js": {"path":"/Users/dena/GlintsBootcamp/miniProject/backendteam_d/routes/events.js","statementMap":{"0":{"start":{"line":1,"column":16},"end":{"line":1,"column":34}},"1":{"start":{"line":16,"column":4},"end":{"line":16,"column":36}},"2":{"start":{"line":19,"column":15},"end":{"line":19,"column":31}},"3":{"start":{"line":21,"column":0},"end":{"line":21,"column":30}},"4":{"start":{"line":23,"column":0},"end":{"line":23,"column":33}},"5":{"start":{"line":25,"column":0},"end":{"line":25,"column":43}},"6":{"start":{"line":27,"column":0},"end":{"line":27,"column":41}},"7":{"start":{"line":29,"column":0},"end":{"line":29,"column":48}},"8":{"start":{"line":31,"column":0},"end":{"line":31,"column":38}},"9":{"start":{"line":33,"column":0},"end":{"line":33,"column":42}},"10":{"start":{"line":35,"column":0},"end":{"line":35,"column":40}},"11":{"start":{"line":37,"column":0},"end":{"line":37,"column":44}},"12":{"start":{"line":39,"column":0},"end":{"line":39,"column":44}},"13":{"start":{"line":41,"column":0},"end":{"line":41,"column":35}},"14":{"start":{"line":44,"column":0},"end":{"line":44,"column":24}}},"fnMap":{},"branchMap":{},"s":{"0":1,"1":1,"2":1,"3":1,"4":1,"5":1,"6":1,"7":1,"8":1,"9":1,"10":1,"11":1,"12":1,"13":1,"14":1},"f":{},"b":{},"_coverageSchema":"1a1c01bbd47fc00a2c39e90264f33305004495a9","hash":"d91eb1562c7e0754953025dbab6136b672d4029b"}
,"/Users/dena/GlintsBootcamp/miniProject/backendteam_d/routes/index.js": {"path":"/Users/dena/GlintsBootcamp/miniProject/backendteam_d/routes/index.js","statementMap":{"0":{"start":{"line":1,"column":14},"end":{"line":1,"column":41}},"1":{"start":{"line":2,"column":30},"end":{"line":2,"column":61}},"2":{"start":{"line":8,"column":4},"end":{"line":8,"column":36}},"3":{"start":{"line":9,"column":14},"end":{"line":9,"column":32}},"4":{"start":{"line":10,"column":15},"end":{"line":10,"column":34}},"5":{"start":{"line":11,"column":17},"end":{"line":11,"column":38}},"6":{"start":{"line":12,"column":16},"end":{"line":12,"column":43}},"7":{"start":{"line":13,"column":15},"end":{"line":13,"column":41}},"8":{"start":{"line":14,"column":23},"end":{"line":14,"column":74}},"9":{"start":{"line":19,"column":4},"end":{"line":19,"column":46}},"10":{"start":{"line":23,"column":4},"end":{"line":23,"column":47}},"11":{"start":{"line":25,"column":0},"end":{"line":25,"column":32}},"12":{"start":{"line":26,"column":0},"end":{"line":26,"column":29}},"13":{"start":{"line":27,"column":0},"end":{"line":27,"column":29}},"14":{"start":{"line":28,"column":0},"end":{"line":28,"column":64}},"15":{"start":{"line":30,"column":0},"end":{"line":30,"column":26}},"16":{"start":{"line":32,"column":0},"end":{"line":32,"column":65}},"17":{"start":{"line":33,"column":0},"end":{"line":33,"column":68}},"18":{"start":{"line":34,"column":0},"end":{"line":34,"column":40}},"19":{"start":{"line":35,"column":0},"end":{"line":35,"column":26}},"20":{"start":{"line":36,"column":0},"end":{"line":36,"column":33}},"21":{"start":{"line":37,"column":0},"end":{"line":37,"column":31}},"22":{"start":{"line":38,"column":0},"end":{"line":38,"column":29}},"23":{"start":{"line":40,"column":0},"end":{"line":40,"column":23}}},"fnMap":{},"branchMap":{},"s":{"0":1,"1":1,"2":1,"3":1,"4":1,"5":1,"6":1,"7":1,"8":1,"9":1,"10":1,"11":1,"12":1,"13":1,"14":1,"15":1,"16":1,"17":1,"18":1,"19":1,"20":1,"21":1,"22":1,"23":1},"f":{},"b":{},"_coverageSchema":"1a1c01bbd47fc00a2c39e90264f33305004495a9","hash":"b731e8675129c95fd48d38f7d0a96fbe17f4a039"}
,"/Users/dena/GlintsBootcamp/miniProject/backendteam_d/routes/ratingsRouter.js": {"path":"/Users/dena/GlintsBootcamp/miniProject/backendteam_d/routes/ratingsRouter.js","statementMap":{"0":{"start":{"line":1,"column":16},"end":{"line":1,"column":34}},"1":{"start":{"line":5,"column":4},"end":{"line":5,"column":57}},"2":{"start":{"line":7,"column":25},"end":{"line":7,"column":68}},"3":{"start":{"line":9,"column":15},"end":{"line":9,"column":31}},"4":{"start":{"line":11,"column":0},"end":{"line":11,"column":57}},"5":{"start":{"line":13,"column":0},"end":{"line":13,"column":24}}},"fnMap":{},"branchMap":{},"s":{"0":1,"1":1,"2":1,"3":1,"4":1,"5":1},"f":{},"b":{},"_coverageSchema":"1a1c01bbd47fc00a2c39e90264f33305004495a9","hash":"c6d9be3dcdca8856b18748b3bc4714fc7bb2d313"}
,"/Users/dena/GlintsBootcamp/miniProject/backendteam_d/routes/users.js": {"path":"/Users/dena/GlintsBootcamp/miniProject/backendteam_d/routes/users.js","statementMap":{"0":{"start":{"line":1,"column":16},"end":{"line":1,"column":34}},"1":{"start":{"line":5,"column":4},"end":{"line":5,"column":46}},"2":{"start":{"line":12,"column":4},"end":{"line":12,"column":35}},"3":{"start":{"line":14,"column":15},"end":{"line":14,"column":31}},"4":{"start":{"line":16,"column":0},"end":{"line":16,"column":33}},"5":{"start":{"line":17,"column":0},"end":{"line":17,"column":34}},"6":{"start":{"line":18,"column":0},"end":{"line":18,"column":64}},"7":{"start":{"line":19,"column":0},"end":{"line":19,"column":34}},"8":{"start":{"line":21,"column":0},"end":{"line":21,"column":24}}},"fnMap":{},"branchMap":{},"s":{"0":1,"1":1,"2":1,"3":1,"4":1,"5":1,"6":1,"7":1,"8":1},"f":{},"b":{},"_coverageSchema":"1a1c01bbd47fc00a2c39e90264f33305004495a9","hash":"e339001bc71f81c5b7c965551de1e1e3951e1ee9"}
,"/Users/dena/GlintsBootcamp/miniProject/backendteam_d/utils/bcrypt.js": {"path":"/Users/dena/GlintsBootcamp/miniProject/backendteam_d/utils/bcrypt.js","statementMap":{"0":{"start":{"line":1,"column":15},"end":{"line":1,"column":34}},"1":{"start":{"line":3,"column":18},"end":{"line":12,"column":1}},"2":{"start":{"line":4,"column":2},"end":{"line":11,"column":3}},"3":{"start":{"line":5,"column":23},"end":{"line":5,"column":56}},"4":{"start":{"line":6,"column":17},"end":{"line":6,"column":47}},"5":{"start":{"line":7,"column":17},"end":{"line":7,"column":45}},"6":{"start":{"line":8,"column":4},"end":{"line":8,"column":16}},"7":{"start":{"line":10,"column":4},"end":{"line":10,"column":23}},"8":{"start":{"line":14,"column":16},"end":{"line":16,"column":1}},"9":{"start":{"line":15,"column":2},"end":{"line":15,"column":41}},"10":{"start":{"line":18,"column":0},"end":{"line":21,"column":2}}},"fnMap":{"0":{"name":"(anonymous_0)","decl":{"start":{"line":3,"column":18},"end":{"line":3,"column":19}},"loc":{"start":{"line":3,"column":29},"end":{"line":12,"column":1}},"line":3},"1":{"name":"(anonymous_1)","decl":{"start":{"line":14,"column":16},"end":{"line":14,"column":17}},"loc":{"start":{"line":14,"column":33},"end":{"line":16,"column":1}},"line":14}},"branchMap":{},"s":{"0":1,"1":1,"2":0,"3":0,"4":0,"5":0,"6":0,"7":0,"8":1,"9":2,"10":1},"f":{"0":0,"1":2},"b":{},"_coverageSchema":"1a1c01bbd47fc00a2c39e90264f33305004495a9","hash":"c6d9eec6d3ec6442441e22382a9f6c0f23709948"}
,"/Users/dena/GlintsBootcamp/miniProject/backendteam_d/utils/index.js": {"path":"/Users/dena/GlintsBootcamp/miniProject/backendteam_d/utils/index.js","statementMap":{"0":{"start":{"line":1,"column":39},"end":{"line":1,"column":55}},"1":{"start":{"line":2,"column":31},"end":{"line":2,"column":50}},"2":{"start":{"line":4,"column":0},"end":{"line":9,"column":2}}},"fnMap":{},"branchMap":{},"s":{"0":1,"1":1,"2":1},"f":{},"b":{},"_coverageSchema":"1a1c01bbd47fc00a2c39e90264f33305004495a9","hash":"881eb914db8c6fa1c835eb86e73e88a43d0a9d6a"}
,"/Users/dena/GlintsBootcamp/miniProject/backendteam_d/utils/jwt.js": {"path":"/Users/dena/GlintsBootcamp/miniProject/backendteam_d/utils/jwt.js","statementMap":{"0":{"start":{"line":2,"column":12},"end":{"line":2,"column":35}},"1":{"start":{"line":4,"column":0},"end":{"line":4,"column":27}},"2":{"start":{"line":8,"column":2},"end":{"line":8,"column":42}},"3":{"start":{"line":9,"column":2},"end":{"line":9,"column":55}},"4":{"start":{"line":14,"column":2},"end":{"line":14,"column":55}},"5":{"start":{"line":17,"column":0},"end":{"line":20,"column":2}}},"fnMap":{"0":{"name":"generateToken","decl":{"start":{"line":7,"column":9},"end":{"line":7,"column":22}},"loc":{"start":{"line":7,"column":32},"end":{"line":10,"column":1}},"line":7},"1":{"name":"decodeToken","decl":{"start":{"line":13,"column":9},"end":{"line":13,"column":20}},"loc":{"start":{"line":13,"column":28},"end":{"line":15,"column":1}},"line":13}},"branchMap":{},"s":{"0":2,"1":2,"2":2,"3":2,"4":2,"5":2},"f":{"0":2,"1":2},"b":{},"_coverageSchema":"1a1c01bbd47fc00a2c39e90264f33305004495a9","hash":"0492a089e30bcc6ca1447da16e07435300c6119b"}
}
