TN:
SF:app.js
FN:48,(anonymous_0)
FN:57,(anonymous_1)
FNF:2
FNH:0
FNDA:0,(anonymous_0)
FNDA:0,(anonymous_1)
DA:1,1
DA:2,1
DA:3,1
DA:6,1
DA:9,1
DA:11,1
DA:25,1
DA:28,1
DA:30,1
DA:33,1
DA:34,1
DA:37,1
DA:42,1
DA:45,1
DA:48,1
DA:49,0
DA:53,1
DA:55,1
DA:57,0
DA:60,1
LF:20
LH:18
BRDA:25,0,0,1
BRDA:25,0,1,1
BRDA:55,1,0,0
BRDA:55,1,1,1
BRF:4
BRH:3
end_of_record
TN:
SF:config/config.js
FNF:0
FNH:0
DA:1,1
DA:3,1
LF:2
LH:2
BRF:0
BRH:0
end_of_record
TN:
SF:controllers/bookmark.js
FN:5,(anonymous_0)
FN:13,(anonymous_1)
FN:22,(anonymous_2)
FN:52,(anonymous_3)
FN:70,(anonymous_4)
FNF:5
FNH:0
FNDA:0,(anonymous_0)
FNDA:0,(anonymous_1)
FNDA:0,(anonymous_2)
FNDA:0,(anonymous_3)
FNDA:0,(anonymous_4)
DA:1,1
DA:2,1
DA:5,1
DA:6,0
DA:7,0
DA:9,0
DA:13,1
DA:14,0
DA:15,0
DA:16,0
DA:18,0
DA:23,0
DA:24,0
DA:25,0
DA:27,0
DA:43,0
DA:44,0
DA:46,0
DA:48,0
DA:53,0
DA:54,0
DA:55,0
DA:56,0
DA:58,0
DA:64,0
DA:66,0
DA:71,0
DA:72,0
DA:78,0
DA:79,0
DA:82,0
DA:84,0
DA:85,0
DA:90,1
LF:34
LH:5
BRDA:6,0,0,0
BRDA:6,0,1,0
BRDA:7,1,0,0
BRDA:7,1,1,0
BRDA:15,2,0,0
BRDA:15,2,1,0
BRDA:43,3,0,0
BRDA:43,3,1,0
BRDA:78,4,0,0
BRDA:78,4,1,0
BRF:10
BRH:0
end_of_record
TN:
SF:controllers/commentsController.js
FN:5,(anonymous_0)
FN:35,(anonymous_1)
FN:80,(anonymous_2)
FNF:3
FNH:0
FNDA:0,(anonymous_0)
FNDA:0,(anonymous_1)
FNDA:0,(anonymous_2)
DA:1,1
DA:6,0
DA:8,0
DA:15,0
DA:28,0
DA:30,0
DA:36,0
DA:39,0
DA:43,0
DA:44,0
DA:49,0
DA:56,0
DA:57,0
DA:60,0
DA:73,0
DA:75,0
DA:81,0
DA:83,0
DA:87,0
DA:88,0
DA:93,0
DA:95,0
DA:96,0
DA:99,0
DA:101,0
DA:106,1
LF:26
LH:2
BRDA:43,0,0,0
BRDA:43,0,1,0
BRDA:56,1,0,0
BRDA:56,1,1,0
BRDA:87,2,0,0
BRDA:87,2,1,0
BRDA:95,3,0,0
BRDA:95,3,1,0
BRF:8
BRH:0
end_of_record
TN:
SF:controllers/events.js
FN:18,(anonymous_0)
FN:26,(anonymous_1)
FN:35,(anonymous_2)
FN:79,(anonymous_3)
FN:106,(anonymous_4)
FN:154,(anonymous_5)
FN:181,(anonymous_6)
FN:217,(anonymous_7)
FN:254,(anonymous_8)
FN:289,(anonymous_9)
FN:322,(anonymous_10)
FN:355,(anonymous_11)
FN:388,(anonymous_12)
FN:415,(anonymous_13)
FN:442,(anonymous_14)
FN:473,(anonymous_15)
FN:514,(anonymous_16)
FN:570,(anonymous_17)
FNF:18
FNH:0
FNDA:0,(anonymous_0)
FNDA:0,(anonymous_1)
FNDA:0,(anonymous_2)
FNDA:0,(anonymous_3)
FNDA:0,(anonymous_4)
FNDA:0,(anonymous_5)
FNDA:0,(anonymous_6)
FNDA:0,(anonymous_7)
FNDA:0,(anonymous_8)
FNDA:0,(anonymous_9)
FNDA:0,(anonymous_10)
FNDA:0,(anonymous_11)
FNDA:0,(anonymous_12)
FNDA:0,(anonymous_13)
FNDA:0,(anonymous_14)
FNDA:0,(anonymous_15)
FNDA:0,(anonymous_16)
FNDA:0,(anonymous_17)
DA:2,1
DA:5,1
DA:8,1
DA:10,1
DA:11,1
DA:18,1
DA:19,0
DA:20,0
DA:22,0
DA:26,1
DA:27,0
DA:28,0
DA:29,0
DA:31,0
DA:36,0
DA:38,0
DA:53,0
DA:54,0
DA:57,0
DA:61,0
DA:72,0
DA:74,0
DA:80,0
DA:81,0
DA:82,0
DA:84,0
DA:95,0
DA:96,0
DA:99,0
DA:101,0
DA:107,0
DA:108,0
DA:109,0
DA:110,0
DA:112,0
DA:143,0
DA:144,0
DA:147,0
DA:149,0
DA:155,0
DA:156,0
DA:157,0
DA:159,0
DA:170,0
DA:171,0
DA:174,0
DA:176,0
DA:182,0
DA:183,0
DA:184,0
DA:187,0
DA:206,0
DA:207,0
DA:210,0
DA:212,0
DA:218,0
DA:219,0
DA:220,0
DA:222,0
DA:223,0
DA:224,0
DA:225,0
DA:227,0
DA:243,0
DA:244,0
DA:247,0
DA:249,0
DA:255,0
DA:256,0
DA:257,0
DA:260,0
DA:266,0
DA:278,0
DA:279,0
DA:282,0
DA:284,0
DA:290,0
DA:291,0
DA:292,0
DA:295,0
DA:311,0
DA:312,0
DA:315,0
DA:317,0
DA:323,0
DA:324,0
DA:325,0
DA:328,0
DA:344,0
DA:345,0
DA:348,0
DA:350,0
DA:356,0
DA:357,0
DA:361,0
DA:362,0
DA:365,0
DA:371,0
DA:375,0
DA:379,0
DA:381,0
DA:383,0
DA:389,0
DA:390,0
DA:391,0
DA:393,0
DA:404,0
DA:405,0
DA:408,0
DA:410,0
DA:416,0
DA:417,0
DA:418,0
DA:420,0
DA:431,0
DA:432,0
DA:435,0
DA:437,0
DA:443,0
DA:455,0
DA:456,0
DA:471,0
DA:474,0
DA:476,0
DA:479,0
DA:497,0
DA:502,0
DA:508,0
DA:509,0
DA:515,0
DA:516,0
DA:520,0
DA:521,0
DA:537,0
DA:538,0
DA:556,0
DA:561,0
DA:565,0
DA:571,0
DA:572,0
DA:576,0
DA:577,0
DA:582,0
DA:587,0
DA:589,0
DA:594,1
LF:146
LH:8
BRDA:19,0,0,0
BRDA:19,0,1,0
BRDA:20,1,0,0
BRDA:20,1,1,0
BRDA:28,2,0,0
BRDA:28,2,1,0
BRDA:53,3,0,0
BRDA:53,3,1,0
BRDA:95,4,0,0
BRDA:95,4,1,0
BRDA:143,5,0,0
BRDA:143,5,1,0
BRDA:170,6,0,0
BRDA:170,6,1,0
BRDA:206,7,0,0
BRDA:206,7,1,0
BRDA:243,8,0,0
BRDA:243,8,1,0
BRDA:278,9,0,0
BRDA:278,9,1,0
BRDA:311,10,0,0
BRDA:311,10,1,0
BRDA:344,11,0,0
BRDA:344,11,1,0
BRDA:361,12,0,0
BRDA:361,12,1,0
BRDA:404,13,0,0
BRDA:404,13,1,0
BRDA:431,14,0,0
BRDA:431,14,1,0
BRDA:520,15,0,0
BRDA:520,15,1,0
BRDA:576,16,0,0
BRDA:576,16,1,0
BRF:34
BRH:0
end_of_record
TN:
SF:controllers/ratingControllers.js
FN:4,(anonymous_0)
FNF:1
FNH:0
FNDA:0,(anonymous_0)
DA:1,1
DA:5,0
DA:7,0
DA:14,0
DA:23,0
DA:25,0
DA:30,1
LF:7
LH:2
BRF:0
BRH:0
end_of_record
TN:
SF:controllers/users.js
FN:6,(anonymous_0)
FN:33,(anonymous_1)
FN:53,(anonymous_2)
FN:99,(anonymous_3)
FN:130,(anonymous_4)
FN:159,(anonymous_5)
FN:162,(anonymous_6)
FN:170,(anonymous_7)
FNF:8
FNH:1
FNDA:0,(anonymous_0)
FNDA:0,(anonymous_1)
FNDA:4,(anonymous_2)
FNDA:0,(anonymous_3)
FNDA:0,(anonymous_4)
FNDA:0,(anonymous_5)
FNDA:0,(anonymous_6)
FNDA:0,(anonymous_7)
DA:1,1
DA:2,1
DA:3,1
DA:7,0
DA:8,0
DA:9,0
DA:11,0
DA:18,0
DA:24,0
DA:29,0
DA:34,0
DA:35,0
DA:36,0
DA:43,0
DA:49,0
DA:54,4
DA:55,4
DA:56,4
DA:57,4
DA:63,4
DA:64,1
DA:70,3
DA:71,1
DA:77,2
DA:78,2
DA:80,2
DA:81,2
DA:86,0
DA:87,0
DA:88,0
DA:89,0
DA:94,0
DA:100,0
DA:101,0
DA:102,0
DA:103,0
DA:113,0
DA:119,0
DA:125,0
DA:131,0
DA:132,0
DA:133,0
DA:140,0
DA:141,0
DA:147,0
DA:154,0
DA:160,0
DA:162,0
DA:163,0
DA:164,0
DA:166,0
DA:170,0
DA:171,0
DA:172,0
DA:173,0
DA:175,0
DA:177,0
DA:178,0
DA:180,0
DA:194,0
DA:195,0
DA:198,0
DA:200,0
DA:206,1
LF:64
LH:16
BRDA:63,0,0,1
BRDA:63,0,1,3
BRDA:70,1,0,1
BRDA:70,1,1,2
BRDA:80,2,0,2
BRDA:80,2,1,0
BRDA:80,3,0,2
BRDA:80,3,1,2
BRDA:140,4,0,0
BRDA:140,4,1,0
BRDA:163,5,0,0
BRDA:163,5,1,0
BRDA:164,6,0,0
BRDA:164,6,1,0
BRDA:172,7,0,0
BRDA:172,7,1,0
BRDA:194,8,0,0
BRDA:194,8,1,0
BRF:18
BRH:7
end_of_record
TN:
SF:middlewares/errorHandler/index.js
FN:1,(anonymous_0)
FNF:1
FNH:0
FNDA:0,(anonymous_0)
DA:1,1
DA:2,0
LF:2
LH:1
BRDA:3,0,0,0
BRDA:3,0,1,0
BRDA:4,1,0,0
BRDA:4,1,1,0
BRF:4
BRH:0
end_of_record
TN:
SF:middlewares/validators/authentication.js
FN:3,(anonymous_0)
FNF:1
FNH:0
FNDA:0,(anonymous_0)
DA:1,1
DA:3,1
DA:4,0
DA:5,0
DA:6,0
DA:12,0
DA:13,0
DA:14,0
DA:15,0
DA:17,0
DA:18,0
DA:22,1
LF:12
LH:3
BRDA:5,0,0,0
BRDA:5,0,1,0
BRF:2
BRH:0
end_of_record
TN:
SF:middlewares/validators/bookmark.js
FN:4,(anonymous_0)
FNF:1
FNH:0
FNDA:0,(anonymous_0)
DA:1,1
DA:2,1
DA:4,1
DA:5,0
DA:6,0
DA:8,0
DA:14,0
DA:15,0
DA:19,0
DA:35,0
DA:36,0
DA:39,0
DA:40,0
DA:43,0
DA:45,0
LF:15
LH:3
BRDA:14,0,0,0
BRDA:14,0,1,0
BRDA:35,1,0,0
BRDA:35,1,1,0
BRDA:39,2,0,0
BRDA:39,2,1,0
BRF:6
BRH:0
end_of_record
TN:
SF:middlewares/validators/commentsValidator.js
FN:3,(anonymous_0)
FNF:1
FNH:0
FNDA:0,(anonymous_0)
DA:1,1
DA:3,1
DA:4,0
DA:5,0
DA:8,0
DA:9,0
DA:12,0
DA:13,0
DA:16,0
DA:18,0
LF:10
LH:2
BRDA:8,0,0,0
BRDA:8,0,1,0
BRDA:12,1,0,0
BRDA:12,1,1,0
BRF:4
BRH:0
end_of_record
TN:
SF:middlewares/validators/events.js
FN:8,(anonymous_0)
FNF:1
FNH:0
FNDA:0,(anonymous_0)
DA:1,1
DA:2,1
DA:3,1
DA:4,1
DA:5,1
DA:8,1
DA:9,0
DA:10,0
DA:13,0
DA:14,0
DA:19,0
DA:20,0
DA:21,0
DA:25,0
DA:28,0
DA:29,0
DA:33,0
DA:34,0
DA:38,0
DA:41,0
DA:44,0
DA:47,0
DA:50,0
DA:54,0
DA:55,0
DA:59,0
DA:60,0
DA:64,0
DA:70,0
DA:74,0
DA:75,0
DA:80,0
DA:81,0
DA:82,0
DA:86,0
DA:89,0
DA:90,0
DA:94,0
DA:95,0
DA:99,0
DA:102,0
DA:105,0
DA:108,0
DA:111,0
DA:115,0
DA:116,0
DA:120,0
DA:123,0
DA:126,0
DA:127,0
DA:130,0
DA:132,0
LF:52
LH:6
BRDA:13,0,0,0
BRDA:13,0,1,0
BRDA:19,1,0,0
BRDA:19,1,1,0
BRDA:19,2,0,0
BRDA:19,2,1,0
BRDA:21,3,0,0
BRDA:21,3,1,0
BRDA:28,4,0,0
BRDA:28,4,1,0
BRDA:33,5,0,0
BRDA:33,5,1,0
BRDA:54,6,0,0
BRDA:54,6,1,0
BRDA:59,7,0,0
BRDA:59,7,1,0
BRDA:64,8,0,0
BRDA:64,8,1,0
BRDA:74,9,0,0
BRDA:74,9,1,0
BRDA:80,10,0,0
BRDA:80,10,1,0
BRDA:80,11,0,0
BRDA:80,11,1,0
BRDA:82,12,0,0
BRDA:82,12,1,0
BRDA:89,13,0,0
BRDA:89,13,1,0
BRDA:94,14,0,0
BRDA:94,14,1,0
BRDA:115,15,0,0
BRDA:115,15,1,0
BRDA:120,16,0,0
BRDA:120,16,1,0
BRDA:126,17,0,0
BRDA:126,17,1,0
BRF:36
BRH:0
end_of_record
TN:
SF:middlewares/validators/ratingsValidator.js
FN:5,(anonymous_0)
FNF:1
FNH:0
FNDA:0,(anonymous_0)
DA:1,1
DA:2,1
DA:3,1
DA:5,1
DA:6,0
DA:7,0
DA:9,0
DA:15,0
DA:16,0
DA:20,0
DA:36,0
DA:37,0
DA:40,0
DA:41,0
DA:44,0
DA:45,0
DA:48,0
DA:49,0
DA:52,0
DA:54,0
LF:20
LH:4
BRDA:15,0,0,0
BRDA:15,0,1,0
BRDA:36,1,0,0
BRDA:36,1,1,0
BRDA:40,2,0,0
BRDA:40,2,1,0
BRDA:44,3,0,0
BRDA:44,3,1,0
BRDA:44,4,0,0
BRDA:44,4,1,0
BRDA:48,5,0,0
BRDA:48,5,1,0
BRF:12
BRH:0
end_of_record
TN:
SF:middlewares/validators/users.js
FN:8,(anonymous_0)
FNF:1
FNH:0
FNDA:0,(anonymous_0)
DA:1,1
DA:2,1
DA:3,1
DA:4,1
DA:5,1
DA:8,1
DA:9,0
DA:10,0
DA:13,0
DA:14,0
DA:18,0
DA:19,0
DA:23,0
DA:25,0
DA:26,0
DA:29,0
DA:30,0
DA:33,0
DA:34,0
DA:37,0
DA:49,0
DA:89,0
DA:90,0
DA:93,0
DA:95,0
DA:96,0
LF:26
LH:6
BRDA:13,0,0,0
BRDA:13,0,1,0
BRDA:18,1,0,0
BRDA:18,1,1,0
BRDA:25,2,0,0
BRDA:25,2,1,0
BRDA:29,3,0,0
BRDA:29,3,1,0
BRDA:33,4,0,0
BRDA:33,4,1,0
BRDA:37,5,0,0
BRDA:37,5,1,0
BRDA:89,6,0,0
BRDA:89,6,1,0
BRF:14
BRH:0
end_of_record
TN:
SF:models/bookmark.js
FN:3,(anonymous_0)
FN:10,(anonymous_1)
FNF:2
FNH:2
FNDA:1,(anonymous_0)
FNDA:1,(anonymous_1)
DA:2,1
DA:3,1
DA:12,1
DA:16,1
DA:20,1
DA:25,1
DA:38,1
LF:7
LH:7
BRF:0
BRH:0
end_of_record
TN:
SF:models/category.js
FN:3,(anonymous_0)
FN:10,(anonymous_1)
FNF:2
FNH:2
FNDA:1,(anonymous_0)
FNDA:1,(anonymous_1)
DA:2,1
DA:3,1
DA:12,1
DA:15,1
DA:18,1
DA:23,1
DA:34,1
LF:7
LH:7
BRF:0
BRH:0
end_of_record
TN:
SF:models/comment.js
FN:3,(anonymous_0)
FN:10,(anonymous_1)
FNF:2
FNH:2
FNDA:1,(anonymous_0)
FNDA:1,(anonymous_1)
DA:2,1
DA:3,1
DA:13,1
DA:17,1
DA:22,1
DA:35,1
LF:6
LH:6
BRF:0
BRH:0
end_of_record
TN:
SF:models/event.js
FN:3,(anonymous_0)
FN:10,(anonymous_1)
FNF:2
FNH:2
FNDA:1,(anonymous_0)
FNDA:1,(anonymous_1)
DA:2,1
DA:3,1
DA:13,1
DA:16,1
DA:19,1
DA:22,1
DA:25,1
DA:30,1
DA:51,1
LF:9
LH:9
BRF:0
BRH:0
end_of_record
TN:
SF:models/index.js
FN:20,(anonymous_0)
FN:23,(anonymous_1)
FN:28,(anonymous_2)
FNF:3
FNH:3
FNDA:7,(anonymous_0)
FNDA:6,(anonymous_1)
FNDA:6,(anonymous_2)
DA:3,1
DA:4,1
DA:5,1
DA:6,1
DA:7,1
DA:8,1
DA:9,1
DA:12,1
DA:13,0
DA:15,1
DA:18,1
DA:21,7
DA:24,6
DA:25,6
DA:28,1
DA:29,6
DA:30,6
DA:34,1
DA:35,1
DA:37,1
LF:20
LH:19
BRDA:7,0,0,1
BRDA:7,0,1,0
BRDA:12,1,0,0
BRDA:12,1,1,1
BRDA:21,2,0,7
BRDA:21,2,1,7
BRDA:21,2,2,6
BRDA:29,3,0,6
BRDA:29,3,1,0
BRF:9
BRH:6
end_of_record
TN:
SF:models/rating.js
FN:3,(anonymous_0)
FN:10,(anonymous_1)
FNF:2
FNH:2
FNDA:1,(anonymous_0)
FNDA:1,(anonymous_1)
DA:2,1
DA:3,1
DA:12,1
DA:16,1
DA:20,1
DA:25,1
DA:37,1
LF:7
LH:7
BRF:0
BRH:0
end_of_record
TN:
SF:models/user.js
FN:3,(anonymous_0)
FN:10,(anonymous_1)
FNF:2
FNH:2
FNDA:1,(anonymous_0)
FNDA:1,(anonymous_1)
DA:2,1
DA:3,1
DA:12,1
DA:15,1
DA:18,1
DA:21,1
DA:26,1
DA:41,1
LF:8
LH:8
BRF:0
BRH:0
end_of_record
TN:
SF:routes/bookmark.js
FNF:0
FNH:0
DA:2,1
DA:9,1
DA:14,1
DA:17,1
DA:20,1
DA:21,1
DA:24,1
DA:27,1
LF:8
LH:8
BRF:0
BRH:0
end_of_record
TN:
SF:routes/commentsRouter.js
FNF:0
FNH:0
DA:1,1
DA:5,1
DA:11,1
DA:13,1
DA:16,1
DA:17,1
DA:18,1
DA:20,1
LF:8
LH:8
BRF:0
BRH:0
end_of_record
TN:
SF:routes/events.js
FNF:0
FNH:0
DA:1,1
DA:16,1
DA:19,1
DA:21,1
DA:23,1
DA:25,1
DA:27,1
DA:29,1
DA:31,1
DA:33,1
DA:35,1
DA:37,1
DA:39,1
DA:41,1
DA:44,1
LF:15
LH:15
BRF:0
BRH:0
end_of_record
TN:
SF:routes/index.js
FNF:0
FNH:0
DA:1,1
DA:2,1
DA:8,1
DA:9,1
DA:10,1
DA:11,1
DA:12,1
DA:13,1
DA:14,1
DA:19,1
DA:23,1
DA:25,1
DA:26,1
DA:27,1
DA:28,1
DA:30,1
DA:32,1
DA:33,1
DA:34,1
DA:35,1
DA:36,1
DA:37,1
DA:38,1
DA:40,1
LF:24
LH:24
BRF:0
BRH:0
end_of_record
TN:
SF:routes/ratingsRouter.js
FNF:0
FNH:0
DA:1,1
DA:5,1
DA:7,1
DA:9,1
DA:11,1
DA:13,1
LF:6
LH:6
BRF:0
BRH:0
end_of_record
TN:
SF:routes/users.js
FNF:0
FNH:0
DA:1,1
DA:5,1
DA:12,1
DA:14,1
DA:16,1
DA:17,1
DA:18,1
DA:19,1
DA:21,1
LF:9
LH:9
BRF:0
BRH:0
end_of_record
TN:
SF:utils/bcrypt.js
FN:3,(anonymous_0)
FN:14,(anonymous_1)
FNF:2
FNH:1
FNDA:0,(anonymous_0)
FNDA:2,(anonymous_1)
DA:1,1
DA:3,1
DA:4,0
DA:5,0
DA:6,0
DA:7,0
DA:8,0
DA:10,0
DA:14,1
DA:15,2
DA:18,1
LF:11
LH:5
BRF:0
BRH:0
end_of_record
TN:
SF:utils/index.js
FNF:0
FNH:0
DA:1,1
DA:2,1
DA:4,1
LF:3
LH:3
BRF:0
BRH:0
end_of_record
TN:
SF:utils/jwt.js
FN:7,generateToken
FN:13,decodeToken
FNF:2
FNH:2
FNDA:2,generateToken
FNDA:2,decodeToken
DA:2,2
DA:4,2
DA:8,2
DA:9,2
DA:14,2
DA:17,2
LF:6
LH:6
BRF:0
BRH:0
end_of_record
